#
# There is insufficient memory for the Java Runtime Environment to continue.
# Native memory allocation (malloc) failed to allocate 157216 bytes for Chunk::new
# Possible reasons:
#   The system is out of physical RAM or swap space
#   The process is running with CompressedOops enabled, and the Java Heap may be blocking the growth of the native heap
# Possible solutions:
#   Reduce memory load on the system
#   Increase physical memory or swap space
#   Check if swap backing store is full
#   Decrease Java heap size (-Xmx/-Xms)
#   Decrease number of Java threads
#   Decrease Java thread stack sizes (-Xss)
#   Set larger code cache with -XX:ReservedCodeCacheSize=
#   JVM is running with Zero Based Compressed Oops mode in which the Java heap is
#     placed in the first 32GB address space. The Java Heap base address is the
#     maximum limit for the native heap growth. Please use -XX:HeapBaseMinAddress
#     to set the Java Heap base and to place the Java Heap above 32GB virtual address.
# This output file may be truncated or incomplete.
#
#  Out of Memory Error (./src/hotspot/share/memory/arena.cpp:197), pid=16400, tid=940
#
# JRE version: OpenJDK Runtime Environment AdoptOpenJDK (11.0.10+9) (build 11.0.10+9)
# Java VM: OpenJDK 64-Bit Server VM AdoptOpenJDK (11.0.10+9, mixed mode, tiered, compressed oops, g1 gc, windows-amd64)
# No core dump will be written. Minidumps are not enabled by default on client versions of Windows
#

---------------  S U M M A R Y ------------

Command Line: -ea -Dfile.encoding=UTF-8 org.eclipse.jdt.internal.junit.runner.RemoteTestRunner -version 3 -port 53339 -testLoaderClass org.eclipse.jdt.internal.junit4.runner.JUnit4TestLoader -loaderpluginname org.eclipse.jdt.junit4.runtime -classNames com.example.videoSegmentation.testPython.SceneBoundaryTest

Host: Intel(R) Core(TM) i7-9750H CPU @ 2.60GHz, 12 cores, 15G,  Windows 10 , 64 bit Build 19041 (10.0.19041.2788)
Time: Sun Apr 23 13:24:22 2023 中国标准时间 elapsed time: 90.115339 seconds (0d 0h 1m 30s)

---------------  T H R E A D  ---------------

Current thread (0x00000267ea0fb000):  JavaThread "C2 CompilerThread0" daemon [_thread_in_native, id=940, stack(0x000000bfec900000,0x000000bfeca00000)]


Current CompileTask:
C2:  90115 4874       4       sun.nio.cs.UTF_8$Decoder::decodeArrayLoop (691 bytes)

Stack: [0x000000bfec900000,0x000000bfeca00000]
Native frames: (J=compiled Java code, j=interpreted, Vv=VM code, C=native code)
V  [jvm.dll+0x5f35ea]
V  [jvm.dll+0x77c65e]
V  [jvm.dll+0x77dd2f]
V  [jvm.dll+0x77e3f3]
V  [jvm.dll+0x246c38]
V  [jvm.dll+0xbe6cc]
V  [jvm.dll+0xbedcc]
V  [jvm.dll+0x2b5ef4]
V  [jvm.dll+0x507c19]
V  [jvm.dll+0x2021b3]
V  [jvm.dll+0x1ff5ef]
V  [jvm.dll+0x1846bc]
V  [jvm.dll+0x20ec37]
V  [jvm.dll+0x20ce1b]
V  [jvm.dll+0x740b39]
V  [jvm.dll+0x739ba4]
V  [jvm.dll+0x5f2466]
C  [ucrtbase.dll+0x21bb2]
C  [KERNEL32.DLL+0x17604]
C  [ntdll.dll+0x526a1]


---------------  P R O C E S S  ---------------

Threads class SMR info:
_java_thread_list=0x00000267eec56950, length=15, elements={
0x00000267c574b800, 0x00000267e97dc000, 0x00000267e97e5800, 0x00000267ea0f5800,
0x00000267ea0f6800, 0x00000267ea0f7800, 0x00000267ea0fb000, 0x00000267ea10c800,
0x00000267ea10d800, 0x00000267ea2c6800, 0x00000267ea530000, 0x00000267f0011000,
0x00000267f4b31000, 0x00000267f4b41800, 0x00000267f417d800
}

Java Threads: ( => current thread )
  0x00000267c574b800 JavaThread "main" [_thread_in_native, id=308, stack(0x000000bfebd00000,0x000000bfebe00000)]
  0x00000267e97dc000 JavaThread "Reference Handler" daemon [_thread_blocked, id=10832, stack(0x000000bfec400000,0x000000bfec500000)]
  0x00000267e97e5800 JavaThread "Finalizer" daemon [_thread_blocked, id=13588, stack(0x000000bfec500000,0x000000bfec600000)]
  0x00000267ea0f5800 JavaThread "Signal Dispatcher" daemon [_thread_blocked, id=4404, stack(0x000000bfec600000,0x000000bfec700000)]
  0x00000267ea0f6800 JavaThread "Attach Listener" daemon [_thread_blocked, id=13960, stack(0x000000bfec700000,0x000000bfec800000)]
  0x00000267ea0f7800 JavaThread "Service Thread" daemon [_thread_blocked, id=6804, stack(0x000000bfec800000,0x000000bfec900000)]
=>0x00000267ea0fb000 JavaThread "C2 CompilerThread0" daemon [_thread_in_native, id=940, stack(0x000000bfec900000,0x000000bfeca00000)]
  0x00000267ea10c800 JavaThread "C1 CompilerThread0" daemon [_thread_blocked, id=8104, stack(0x000000bfeca00000,0x000000bfecb00000)]
  0x00000267ea10d800 JavaThread "Sweeper thread" daemon [_thread_blocked, id=4408, stack(0x000000bfecb00000,0x000000bfecc00000)]
  0x00000267ea2c6800 JavaThread "Common-Cleaner" daemon [_thread_blocked, id=7956, stack(0x000000bfecd00000,0x000000bfece00000)]
  0x00000267ea530000 JavaThread "ReaderThread" [_thread_in_native, id=3372, stack(0x000000bfecf00000,0x000000bfed000000)]
  0x00000267f0011000 JavaThread "mysql-cj-abandoned-connection-cleanup" daemon [_thread_blocked, id=1380, stack(0x000000bfed600000,0x000000bfed700000)]
  0x00000267f4b31000 JavaThread "HikariPool-1 housekeeper" daemon [_thread_blocked, id=7000, stack(0x000000bfeda00000,0x000000bfedb00000)]
  0x00000267f4b41800 JavaThread "Thread-2" [_thread_in_native, id=16080, stack(0x000000bfedc00000,0x000000bfedd00000)]
  0x00000267f417d800 JavaThread "Thread-3" [_thread_in_native, id=8240, stack(0x000000bfedd00000,0x000000bfede00000)]

Other Threads:
  0x00000267e97da000 VMThread "VM Thread" [stack: 0x000000bfec300000,0x000000bfec400000] [id=11008]
  0x00000267ea2cb000 WatcherThread [stack: 0x000000bfecc00000,0x000000bfecd00000] [id=9636]
  0x00000267c5764800 GCTaskThread "GC Thread#0" [stack: 0x000000bfebe00000,0x000000bfebf00000] [id=2920]
  0x00000267eb18d800 GCTaskThread "GC Thread#1" [stack: 0x000000bfed000000,0x000000bfed100000] [id=13044]
  0x00000267eac9c000 GCTaskThread "GC Thread#2" [stack: 0x000000bfed100000,0x000000bfed200000] [id=12052]
  0x00000267eafa3000 GCTaskThread "GC Thread#3" [stack: 0x000000bfed200000,0x000000bfed300000] [id=2688]
  0x00000267eacd9800 GCTaskThread "GC Thread#4" [stack: 0x000000bfed300000,0x000000bfed400000] [id=1520]
  0x00000267eab08000 GCTaskThread "GC Thread#5" [stack: 0x000000bfed400000,0x000000bfed500000] [id=6200]
  0x00000267c57c4800 ConcurrentGCThread "G1 Main Marker" [stack: 0x000000bfebf00000,0x000000bfec000000] [id=6780]
  0x00000267c57c5800 ConcurrentGCThread "G1 Conc#0" [stack: 0x000000bfec000000,0x000000bfec100000] [id=2840]
  0x00000267ed1ab800 ConcurrentGCThread "G1 Conc#1" [stack: 0x000000bfed700000,0x000000bfed800000] [id=1408]
  0x00000267ecb38800 ConcurrentGCThread "G1 Conc#2" [stack: 0x000000bfed800000,0x000000bfed900000] [id=15212]
  0x00000267e96bd000 ConcurrentGCThread "G1 Refine#0" [stack: 0x000000bfec100000,0x000000bfec200000] [id=11912]
  0x00000267e96be000 ConcurrentGCThread "G1 Young RemSet Sampling" [stack: 0x000000bfec200000,0x000000bfec300000] [id=936]

Threads with active compile tasks:
C2 CompilerThread0  90141 4874       4       sun.nio.cs.UTF_8$Decoder::decodeArrayLoop (691 bytes)

VM state:not at safepoint (normal execution)

VM Mutex/Monitor currently owned by a thread: None

Heap address: 0x0000000702600000, size: 4058 MB, Compressed Oops mode: Zero based, Oop shift amount: 3
Narrow klass base: 0x0000000800000000, Narrow klass shift: 0
Compressed class space size: 1073741824 Address: 0x0000000800000000

Heap:
 garbage-first heap   total 312320K, used 74404K [0x0000000702600000, 0x0000000800000000)
  region size 1024K, 68 young (69632K), 12 survivors (12288K)
 Metaspace       used 50255K, capacity 51653K, committed 51840K, reserved 1093632K
  class space    used 6092K, capacity 6671K, committed 6784K, reserved 1048576K
Heap Regions: E=young(eden), S=young(survivor), O=old, HS=humongous(starts), HC=humongous(continues), CS=collection set, F=free, A=archive, TAMS=top-at-mark-start (previous, next)
|   0|0x0000000702600000, 0x0000000702700000, 0x0000000702700000|100%| O|  |TAMS 0x0000000702700000, 0x0000000702600000| Untracked 
|   1|0x0000000702700000, 0x0000000702800000, 0x0000000702800000|100%| O|  |TAMS 0x0000000702800000, 0x0000000702700000| Untracked 
|   2|0x0000000702800000, 0x0000000702900000, 0x0000000702900000|100%| O|  |TAMS 0x0000000702900000, 0x0000000702800000| Untracked 
|   3|0x0000000702900000, 0x0000000702a00000, 0x0000000702a00000|100%| O|  |TAMS 0x0000000702a00000, 0x0000000702900000| Untracked 
|   4|0x0000000702a00000, 0x0000000702b00000, 0x0000000702b00000|100%| O|  |TAMS 0x0000000702b00000, 0x0000000702a00000| Untracked 
|   5|0x0000000702b00000, 0x0000000702ba9200, 0x0000000702c00000| 66%| O|  |TAMS 0x0000000702ba9200, 0x0000000702b00000| Untracked 
|   6|0x0000000702c00000, 0x0000000702c00000, 0x0000000702d00000|  0%| F|  |TAMS 0x0000000702c00000, 0x0000000702c00000| Untracked 
|   7|0x0000000702d00000, 0x0000000702d00000, 0x0000000702e00000|  0%| F|  |TAMS 0x0000000702d00000, 0x0000000702d00000| Untracked 
|   8|0x0000000702e00000, 0x0000000702e00000, 0x0000000702f00000|  0%| F|  |TAMS 0x0000000702e00000, 0x0000000702e00000| Untracked 
|   9|0x0000000702f00000, 0x0000000702f00000, 0x0000000703000000|  0%| F|  |TAMS 0x0000000702f00000, 0x0000000702f00000| Untracked 
|  10|0x0000000703000000, 0x0000000703000000, 0x0000000703100000|  0%| F|  |TAMS 0x0000000703000000, 0x0000000703000000| Untracked 
|  11|0x0000000703100000, 0x0000000703100000, 0x0000000703200000|  0%| F|  |TAMS 0x0000000703100000, 0x0000000703100000| Untracked 
|  12|0x0000000703200000, 0x0000000703200000, 0x0000000703300000|  0%| F|  |TAMS 0x0000000703200000, 0x0000000703200000| Untracked 
|  13|0x0000000703300000, 0x0000000703300000, 0x0000000703400000|  0%| F|  |TAMS 0x0000000703300000, 0x0000000703300000| Untracked 
|  14|0x0000000703400000, 0x0000000703400000, 0x0000000703500000|  0%| F|  |TAMS 0x0000000703400000, 0x0000000703400000| Untracked 
|  15|0x0000000703500000, 0x0000000703500000, 0x0000000703600000|  0%| F|  |TAMS 0x0000000703500000, 0x0000000703500000| Untracked 
|  16|0x0000000703600000, 0x0000000703600000, 0x0000000703700000|  0%| F|  |TAMS 0x0000000703600000, 0x0000000703600000| Untracked 
|  17|0x0000000703700000, 0x0000000703700000, 0x0000000703800000|  0%| F|  |TAMS 0x0000000703700000, 0x0000000703700000| Untracked 
|  18|0x0000000703800000, 0x0000000703800000, 0x0000000703900000|  0%| F|  |TAMS 0x0000000703800000, 0x0000000703800000| Untracked 
|  19|0x0000000703900000, 0x0000000703900000, 0x0000000703a00000|  0%| F|  |TAMS 0x0000000703900000, 0x0000000703900000| Untracked 
|  20|0x0000000703a00000, 0x0000000703a00000, 0x0000000703b00000|  0%| F|  |TAMS 0x0000000703a00000, 0x0000000703a00000| Untracked 
|  21|0x0000000703b00000, 0x0000000703b00000, 0x0000000703c00000|  0%| F|  |TAMS 0x0000000703b00000, 0x0000000703b00000| Untracked 
|  22|0x0000000703c00000, 0x0000000703c00000, 0x0000000703d00000|  0%| F|  |TAMS 0x0000000703c00000, 0x0000000703c00000| Untracked 
|  23|0x0000000703d00000, 0x0000000703d00000, 0x0000000703e00000|  0%| F|  |TAMS 0x0000000703d00000, 0x0000000703d00000| Untracked 
|  24|0x0000000703e00000, 0x0000000703e00000, 0x0000000703f00000|  0%| F|  |TAMS 0x0000000703e00000, 0x0000000703e00000| Untracked 
|  25|0x0000000703f00000, 0x0000000703f00000, 0x0000000704000000|  0%| F|  |TAMS 0x0000000703f00000, 0x0000000703f00000| Untracked 
|  26|0x0000000704000000, 0x0000000704000000, 0x0000000704100000|  0%| F|  |TAMS 0x0000000704000000, 0x0000000704000000| Untracked 
|  27|0x0000000704100000, 0x0000000704100000, 0x0000000704200000|  0%| F|  |TAMS 0x0000000704100000, 0x0000000704100000| Untracked 
|  28|0x0000000704200000, 0x0000000704200000, 0x0000000704300000|  0%| F|  |TAMS 0x0000000704200000, 0x0000000704200000| Untracked 
|  29|0x0000000704300000, 0x0000000704300000, 0x0000000704400000|  0%| F|  |TAMS 0x0000000704300000, 0x0000000704300000| Untracked 
|  30|0x0000000704400000, 0x0000000704400000, 0x0000000704500000|  0%| F|  |TAMS 0x0000000704400000, 0x0000000704400000| Untracked 
|  31|0x0000000704500000, 0x0000000704500000, 0x0000000704600000|  0%| F|  |TAMS 0x0000000704500000, 0x0000000704500000| Untracked 
|  32|0x0000000704600000, 0x0000000704600000, 0x0000000704700000|  0%| F|  |TAMS 0x0000000704600000, 0x0000000704600000| Untracked 
|  33|0x0000000704700000, 0x0000000704700000, 0x0000000704800000|  0%| F|  |TAMS 0x0000000704700000, 0x0000000704700000| Untracked 
|  34|0x0000000704800000, 0x0000000704800000, 0x0000000704900000|  0%| F|  |TAMS 0x0000000704800000, 0x0000000704800000| Untracked 
|  35|0x0000000704900000, 0x0000000704900000, 0x0000000704a00000|  0%| F|  |TAMS 0x0000000704900000, 0x0000000704900000| Untracked 
|  36|0x0000000704a00000, 0x0000000704a00000, 0x0000000704b00000|  0%| F|  |TAMS 0x0000000704a00000, 0x0000000704a00000| Untracked 
|  37|0x0000000704b00000, 0x0000000704b00000, 0x0000000704c00000|  0%| F|  |TAMS 0x0000000704b00000, 0x0000000704b00000| Untracked 
|  38|0x0000000704c00000, 0x0000000704c00000, 0x0000000704d00000|  0%| F|  |TAMS 0x0000000704c00000, 0x0000000704c00000| Untracked 
|  39|0x0000000704d00000, 0x0000000704d00000, 0x0000000704e00000|  0%| F|  |TAMS 0x0000000704d00000, 0x0000000704d00000| Untracked 
|  40|0x0000000704e00000, 0x0000000704e00000, 0x0000000704f00000|  0%| F|  |TAMS 0x0000000704e00000, 0x0000000704e00000| Untracked 
|  41|0x0000000704f00000, 0x0000000704f00000, 0x0000000705000000|  0%| F|  |TAMS 0x0000000704f00000, 0x0000000704f00000| Untracked 
|  42|0x0000000705000000, 0x0000000705000000, 0x0000000705100000|  0%| F|  |TAMS 0x0000000705000000, 0x0000000705000000| Untracked 
|  43|0x0000000705100000, 0x0000000705100000, 0x0000000705200000|  0%| F|  |TAMS 0x0000000705100000, 0x0000000705100000| Untracked 
|  44|0x0000000705200000, 0x0000000705200000, 0x0000000705300000|  0%| F|  |TAMS 0x0000000705200000, 0x0000000705200000| Untracked 
|  45|0x0000000705300000, 0x0000000705300000, 0x0000000705400000|  0%| F|  |TAMS 0x0000000705300000, 0x0000000705300000| Untracked 
|  46|0x0000000705400000, 0x0000000705400000, 0x0000000705500000|  0%| F|  |TAMS 0x0000000705400000, 0x0000000705400000| Untracked 
|  47|0x0000000705500000, 0x0000000705500000, 0x0000000705600000|  0%| F|  |TAMS 0x0000000705500000, 0x0000000705500000| Untracked 
|  48|0x0000000705600000, 0x0000000705600000, 0x0000000705700000|  0%| F|  |TAMS 0x0000000705600000, 0x0000000705600000| Untracked 
|  49|0x0000000705700000, 0x0000000705700000, 0x0000000705800000|  0%| F|  |TAMS 0x0000000705700000, 0x0000000705700000| Untracked 
|  50|0x0000000705800000, 0x0000000705800000, 0x0000000705900000|  0%| F|  |TAMS 0x0000000705800000, 0x0000000705800000| Untracked 
|  51|0x0000000705900000, 0x0000000705900000, 0x0000000705a00000|  0%| F|  |TAMS 0x0000000705900000, 0x0000000705900000| Untracked 
|  52|0x0000000705a00000, 0x0000000705a00000, 0x0000000705b00000|  0%| F|  |TAMS 0x0000000705a00000, 0x0000000705a00000| Untracked 
|  53|0x0000000705b00000, 0x0000000705b00000, 0x0000000705c00000|  0%| F|  |TAMS 0x0000000705b00000, 0x0000000705b00000| Untracked 
|  54|0x0000000705c00000, 0x0000000705c00000, 0x0000000705d00000|  0%| F|  |TAMS 0x0000000705c00000, 0x0000000705c00000| Untracked 
|  55|0x0000000705d00000, 0x0000000705d00000, 0x0000000705e00000|  0%| F|  |TAMS 0x0000000705d00000, 0x0000000705d00000| Untracked 
|  56|0x0000000705e00000, 0x0000000705e00000, 0x0000000705f00000|  0%| F|  |TAMS 0x0000000705e00000, 0x0000000705e00000| Untracked 
|  57|0x0000000705f00000, 0x0000000705f00000, 0x0000000706000000|  0%| F|  |TAMS 0x0000000705f00000, 0x0000000705f00000| Untracked 
|  58|0x0000000706000000, 0x0000000706000000, 0x0000000706100000|  0%| F|  |TAMS 0x0000000706000000, 0x0000000706000000| Untracked 
|  59|0x0000000706100000, 0x0000000706100000, 0x0000000706200000|  0%| F|  |TAMS 0x0000000706100000, 0x0000000706100000| Untracked 
|  60|0x0000000706200000, 0x0000000706200000, 0x0000000706300000|  0%| F|  |TAMS 0x0000000706200000, 0x0000000706200000| Untracked 
|  61|0x0000000706300000, 0x0000000706300000, 0x0000000706400000|  0%| F|  |TAMS 0x0000000706300000, 0x0000000706300000| Untracked 
|  62|0x0000000706400000, 0x0000000706400000, 0x0000000706500000|  0%| F|  |TAMS 0x0000000706400000, 0x0000000706400000| Untracked 
|  63|0x0000000706500000, 0x0000000706500000, 0x0000000706600000|  0%| F|  |TAMS 0x0000000706500000, 0x0000000706500000| Untracked 
|  64|0x0000000706600000, 0x0000000706600000, 0x0000000706700000|  0%| F|  |TAMS 0x0000000706600000, 0x0000000706600000| Untracked 
|  65|0x0000000706700000, 0x0000000706700000, 0x0000000706800000|  0%| F|  |TAMS 0x0000000706700000, 0x0000000706700000| Untracked 
|  66|0x0000000706800000, 0x0000000706800000, 0x0000000706900000|  0%| F|  |TAMS 0x0000000706800000, 0x0000000706800000| Untracked 
|  67|0x0000000706900000, 0x0000000706900000, 0x0000000706a00000|  0%| F|  |TAMS 0x0000000706900000, 0x0000000706900000| Untracked 
|  68|0x0000000706a00000, 0x0000000706a00000, 0x0000000706b00000|  0%| F|  |TAMS 0x0000000706a00000, 0x0000000706a00000| Untracked 
|  69|0x0000000706b00000, 0x0000000706b00000, 0x0000000706c00000|  0%| F|  |TAMS 0x0000000706b00000, 0x0000000706b00000| Untracked 
|  70|0x0000000706c00000, 0x0000000706c00000, 0x0000000706d00000|  0%| F|  |TAMS 0x0000000706c00000, 0x0000000706c00000| Untracked 
|  71|0x0000000706d00000, 0x0000000706d00000, 0x0000000706e00000|  0%| F|  |TAMS 0x0000000706d00000, 0x0000000706d00000| Untracked 
|  72|0x0000000706e00000, 0x0000000706e00000, 0x0000000706f00000|  0%| F|  |TAMS 0x0000000706e00000, 0x0000000706e00000| Untracked 
|  73|0x0000000706f00000, 0x0000000706f00000, 0x0000000707000000|  0%| F|  |TAMS 0x0000000706f00000, 0x0000000706f00000| Untracked 
|  74|0x0000000707000000, 0x0000000707000000, 0x0000000707100000|  0%| F|  |TAMS 0x0000000707000000, 0x0000000707000000| Untracked 
|  75|0x0000000707100000, 0x0000000707100000, 0x0000000707200000|  0%| F|  |TAMS 0x0000000707100000, 0x0000000707100000| Untracked 
|  76|0x0000000707200000, 0x0000000707200000, 0x0000000707300000|  0%| F|  |TAMS 0x0000000707200000, 0x0000000707200000| Untracked 
|  77|0x0000000707300000, 0x0000000707300000, 0x0000000707400000|  0%| F|  |TAMS 0x0000000707300000, 0x0000000707300000| Untracked 
|  78|0x0000000707400000, 0x0000000707400000, 0x0000000707500000|  0%| F|  |TAMS 0x0000000707400000, 0x0000000707400000| Untracked 
|  79|0x0000000707500000, 0x0000000707500000, 0x0000000707600000|  0%| F|  |TAMS 0x0000000707500000, 0x0000000707500000| Untracked 
|  80|0x0000000707600000, 0x0000000707600000, 0x0000000707700000|  0%| F|  |TAMS 0x0000000707600000, 0x0000000707600000| Untracked 
|  81|0x0000000707700000, 0x0000000707700000, 0x0000000707800000|  0%| F|  |TAMS 0x0000000707700000, 0x0000000707700000| Untracked 
|  82|0x0000000707800000, 0x0000000707800000, 0x0000000707900000|  0%| F|  |TAMS 0x0000000707800000, 0x0000000707800000| Untracked 
|  83|0x0000000707900000, 0x0000000707900000, 0x0000000707a00000|  0%| F|  |TAMS 0x0000000707900000, 0x0000000707900000| Untracked 
|  84|0x0000000707a00000, 0x0000000707a00000, 0x0000000707b00000|  0%| F|  |TAMS 0x0000000707a00000, 0x0000000707a00000| Untracked 
|  85|0x0000000707b00000, 0x0000000707b00000, 0x0000000707c00000|  0%| F|  |TAMS 0x0000000707b00000, 0x0000000707b00000| Untracked 
|  86|0x0000000707c00000, 0x0000000707c00000, 0x0000000707d00000|  0%| F|  |TAMS 0x0000000707c00000, 0x0000000707c00000| Untracked 
|  87|0x0000000707d00000, 0x0000000707d00000, 0x0000000707e00000|  0%| F|  |TAMS 0x0000000707d00000, 0x0000000707d00000| Untracked 
|  88|0x0000000707e00000, 0x0000000707e00000, 0x0000000707f00000|  0%| F|  |TAMS 0x0000000707e00000, 0x0000000707e00000| Untracked 
|  89|0x0000000707f00000, 0x0000000707f00000, 0x0000000708000000|  0%| F|  |TAMS 0x0000000707f00000, 0x0000000707f00000| Untracked 
|  90|0x0000000708000000, 0x0000000708000000, 0x0000000708100000|  0%| F|  |TAMS 0x0000000708000000, 0x0000000708000000| Untracked 
|  91|0x0000000708100000, 0x0000000708100000, 0x0000000708200000|  0%| F|  |TAMS 0x0000000708100000, 0x0000000708100000| Untracked 
|  92|0x0000000708200000, 0x0000000708200000, 0x0000000708300000|  0%| F|  |TAMS 0x0000000708200000, 0x0000000708200000| Untracked 
|  93|0x0000000708300000, 0x0000000708300000, 0x0000000708400000|  0%| F|  |TAMS 0x0000000708300000, 0x0000000708300000| Untracked 
|  94|0x0000000708400000, 0x0000000708400000, 0x0000000708500000|  0%| F|  |TAMS 0x0000000708400000, 0x0000000708400000| Untracked 
|  95|0x0000000708500000, 0x0000000708500000, 0x0000000708600000|  0%| F|  |TAMS 0x0000000708500000, 0x0000000708500000| Untracked 
|  96|0x0000000708600000, 0x0000000708600000, 0x0000000708700000|  0%| F|  |TAMS 0x0000000708600000, 0x0000000708600000| Untracked 
|  97|0x0000000708700000, 0x0000000708700000, 0x0000000708800000|  0%| F|  |TAMS 0x0000000708700000, 0x0000000708700000| Untracked 
|  98|0x0000000708800000, 0x0000000708800000, 0x0000000708900000|  0%| F|  |TAMS 0x0000000708800000, 0x0000000708800000| Untracked 
|  99|0x0000000708900000, 0x0000000708900000, 0x0000000708a00000|  0%| F|  |TAMS 0x0000000708900000, 0x0000000708900000| Untracked 
| 100|0x0000000708a00000, 0x0000000708a00000, 0x0000000708b00000|  0%| F|  |TAMS 0x0000000708a00000, 0x0000000708a00000| Untracked 
| 101|0x0000000708b00000, 0x0000000708b00000, 0x0000000708c00000|  0%| F|  |TAMS 0x0000000708b00000, 0x0000000708b00000| Untracked 
| 102|0x0000000708c00000, 0x0000000708c00000, 0x0000000708d00000|  0%| F|  |TAMS 0x0000000708c00000, 0x0000000708c00000| Untracked 
| 103|0x0000000708d00000, 0x0000000708e00000, 0x0000000708e00000|100%| S|CS|TAMS 0x0000000708d00000, 0x0000000708d00000| Complete 
| 104|0x0000000708e00000, 0x0000000708f00000, 0x0000000708f00000|100%| S|CS|TAMS 0x0000000708e00000, 0x0000000708e00000| Complete 
| 105|0x0000000708f00000, 0x0000000709000000, 0x0000000709000000|100%| S|CS|TAMS 0x0000000708f00000, 0x0000000708f00000| Complete 
| 106|0x0000000709000000, 0x0000000709100000, 0x0000000709100000|100%| S|CS|TAMS 0x0000000709000000, 0x0000000709000000| Complete 
| 107|0x0000000709100000, 0x0000000709200000, 0x0000000709200000|100%| S|CS|TAMS 0x0000000709100000, 0x0000000709100000| Complete 
| 108|0x0000000709200000, 0x0000000709300000, 0x0000000709300000|100%| S|CS|TAMS 0x0000000709200000, 0x0000000709200000| Complete 
| 109|0x0000000709300000, 0x0000000709400000, 0x0000000709400000|100%| S|CS|TAMS 0x0000000709300000, 0x0000000709300000| Complete 
| 110|0x0000000709400000, 0x0000000709500000, 0x0000000709500000|100%| S|CS|TAMS 0x0000000709400000, 0x0000000709400000| Complete 
| 111|0x0000000709500000, 0x0000000709600000, 0x0000000709600000|100%| S|CS|TAMS 0x0000000709500000, 0x0000000709500000| Complete 
| 112|0x0000000709600000, 0x0000000709700000, 0x0000000709700000|100%| S|CS|TAMS 0x0000000709600000, 0x0000000709600000| Complete 
| 113|0x0000000709700000, 0x0000000709800000, 0x0000000709800000|100%| S|CS|TAMS 0x0000000709700000, 0x0000000709700000| Complete 
| 114|0x0000000709800000, 0x0000000709900000, 0x0000000709900000|100%| S|CS|TAMS 0x0000000709800000, 0x0000000709800000| Complete 
| 115|0x0000000709900000, 0x0000000709900000, 0x0000000709a00000|  0%| F|  |TAMS 0x0000000709900000, 0x0000000709900000| Untracked 
| 116|0x0000000709a00000, 0x0000000709a00000, 0x0000000709b00000|  0%| F|  |TAMS 0x0000000709a00000, 0x0000000709a00000| Untracked 
| 117|0x0000000709b00000, 0x0000000709b00000, 0x0000000709c00000|  0%| F|  |TAMS 0x0000000709b00000, 0x0000000709b00000| Untracked 
| 118|0x0000000709c00000, 0x0000000709c00000, 0x0000000709d00000|  0%| F|  |TAMS 0x0000000709c00000, 0x0000000709c00000| Untracked 
| 119|0x0000000709d00000, 0x0000000709d00000, 0x0000000709e00000|  0%| F|  |TAMS 0x0000000709d00000, 0x0000000709d00000| Untracked 
| 120|0x0000000709e00000, 0x0000000709e00000, 0x0000000709f00000|  0%| F|  |TAMS 0x0000000709e00000, 0x0000000709e00000| Untracked 
| 121|0x0000000709f00000, 0x0000000709f00000, 0x000000070a000000|  0%| F|  |TAMS 0x0000000709f00000, 0x0000000709f00000| Untracked 
| 122|0x000000070a000000, 0x000000070a000000, 0x000000070a100000|  0%| F|  |TAMS 0x000000070a000000, 0x000000070a000000| Untracked 
| 123|0x000000070a100000, 0x000000070a100000, 0x000000070a200000|  0%| F|  |TAMS 0x000000070a100000, 0x000000070a100000| Untracked 
| 124|0x000000070a200000, 0x000000070a200000, 0x000000070a300000|  0%| F|  |TAMS 0x000000070a200000, 0x000000070a200000| Untracked 
| 125|0x000000070a300000, 0x000000070a300000, 0x000000070a400000|  0%| F|  |TAMS 0x000000070a300000, 0x000000070a300000| Untracked 
| 126|0x000000070a400000, 0x000000070a400000, 0x000000070a500000|  0%| F|  |TAMS 0x000000070a400000, 0x000000070a400000| Untracked 
| 127|0x000000070a500000, 0x000000070a500000, 0x000000070a600000|  0%| F|  |TAMS 0x000000070a500000, 0x000000070a500000| Untracked 
| 128|0x000000070a600000, 0x000000070a600000, 0x000000070a700000|  0%| F|  |TAMS 0x000000070a600000, 0x000000070a600000| Untracked 
| 129|0x000000070a700000, 0x000000070a700000, 0x000000070a800000|  0%| F|  |TAMS 0x000000070a700000, 0x000000070a700000| Untracked 
| 130|0x000000070a800000, 0x000000070a800000, 0x000000070a900000|  0%| F|  |TAMS 0x000000070a800000, 0x000000070a800000| Untracked 
| 131|0x000000070a900000, 0x000000070a900000, 0x000000070aa00000|  0%| F|  |TAMS 0x000000070a900000, 0x000000070a900000| Untracked 
| 132|0x000000070aa00000, 0x000000070aa00000, 0x000000070ab00000|  0%| F|  |TAMS 0x000000070aa00000, 0x000000070aa00000| Untracked 
| 133|0x000000070ab00000, 0x000000070ab00000, 0x000000070ac00000|  0%| F|  |TAMS 0x000000070ab00000, 0x000000070ab00000| Untracked 
| 134|0x000000070ac00000, 0x000000070ac00000, 0x000000070ad00000|  0%| F|  |TAMS 0x000000070ac00000, 0x000000070ac00000| Untracked 
| 135|0x000000070ad00000, 0x000000070ad00000, 0x000000070ae00000|  0%| F|  |TAMS 0x000000070ad00000, 0x000000070ad00000| Untracked 
| 136|0x000000070ae00000, 0x000000070ae00000, 0x000000070af00000|  0%| F|  |TAMS 0x000000070ae00000, 0x000000070ae00000| Untracked 
| 137|0x000000070af00000, 0x000000070af00000, 0x000000070b000000|  0%| F|  |TAMS 0x000000070af00000, 0x000000070af00000| Untracked 
| 138|0x000000070b000000, 0x000000070b000000, 0x000000070b100000|  0%| F|  |TAMS 0x000000070b000000, 0x000000070b000000| Untracked 
| 139|0x000000070b100000, 0x000000070b100000, 0x000000070b200000|  0%| F|  |TAMS 0x000000070b100000, 0x000000070b100000| Untracked 
| 140|0x000000070b200000, 0x000000070b200000, 0x000000070b300000|  0%| F|  |TAMS 0x000000070b200000, 0x000000070b200000| Untracked 
| 141|0x000000070b300000, 0x000000070b300000, 0x000000070b400000|  0%| F|  |TAMS 0x000000070b300000, 0x000000070b300000| Untracked 
| 142|0x000000070b400000, 0x000000070b400000, 0x000000070b500000|  0%| F|  |TAMS 0x000000070b400000, 0x000000070b400000| Untracked 
| 143|0x000000070b500000, 0x000000070b500000, 0x000000070b600000|  0%| F|  |TAMS 0x000000070b500000, 0x000000070b500000| Untracked 
| 144|0x000000070b600000, 0x000000070b600000, 0x000000070b700000|  0%| F|  |TAMS 0x000000070b600000, 0x000000070b600000| Untracked 
| 145|0x000000070b700000, 0x000000070b700000, 0x000000070b800000|  0%| F|  |TAMS 0x000000070b700000, 0x000000070b700000| Untracked 
| 146|0x000000070b800000, 0x000000070b800000, 0x000000070b900000|  0%| F|  |TAMS 0x000000070b800000, 0x000000070b800000| Untracked 
| 147|0x000000070b900000, 0x000000070b900000, 0x000000070ba00000|  0%| F|  |TAMS 0x000000070b900000, 0x000000070b900000| Untracked 
| 148|0x000000070ba00000, 0x000000070ba00000, 0x000000070bb00000|  0%| F|  |TAMS 0x000000070ba00000, 0x000000070ba00000| Untracked 
| 149|0x000000070bb00000, 0x000000070bb00000, 0x000000070bc00000|  0%| F|  |TAMS 0x000000070bb00000, 0x000000070bb00000| Untracked 
| 150|0x000000070bc00000, 0x000000070bc00000, 0x000000070bd00000|  0%| F|  |TAMS 0x000000070bc00000, 0x000000070bc00000| Untracked 
| 151|0x000000070bd00000, 0x000000070bd00000, 0x000000070be00000|  0%| F|  |TAMS 0x000000070bd00000, 0x000000070bd00000| Untracked 
| 152|0x000000070be00000, 0x000000070be00000, 0x000000070bf00000|  0%| F|  |TAMS 0x000000070be00000, 0x000000070be00000| Untracked 
| 153|0x000000070bf00000, 0x000000070bf00000, 0x000000070c000000|  0%| F|  |TAMS 0x000000070bf00000, 0x000000070bf00000| Untracked 
| 154|0x000000070c000000, 0x000000070c000000, 0x000000070c100000|  0%| F|  |TAMS 0x000000070c000000, 0x000000070c000000| Untracked 
| 155|0x000000070c100000, 0x000000070c100000, 0x000000070c200000|  0%| F|  |TAMS 0x000000070c100000, 0x000000070c100000| Untracked 
| 156|0x000000070c200000, 0x000000070c200000, 0x000000070c300000|  0%| F|  |TAMS 0x000000070c200000, 0x000000070c200000| Untracked 
| 157|0x000000070c300000, 0x000000070c300000, 0x000000070c400000|  0%| F|  |TAMS 0x000000070c300000, 0x000000070c300000| Untracked 
| 158|0x000000070c400000, 0x000000070c400000, 0x000000070c500000|  0%| F|  |TAMS 0x000000070c400000, 0x000000070c400000| Untracked 
| 159|0x000000070c500000, 0x000000070c500000, 0x000000070c600000|  0%| F|  |TAMS 0x000000070c500000, 0x000000070c500000| Untracked 
| 160|0x000000070c600000, 0x000000070c600000, 0x000000070c700000|  0%| F|  |TAMS 0x000000070c600000, 0x000000070c600000| Untracked 
| 161|0x000000070c700000, 0x000000070c700000, 0x000000070c800000|  0%| F|  |TAMS 0x000000070c700000, 0x000000070c700000| Untracked 
| 162|0x000000070c800000, 0x000000070c800000, 0x000000070c900000|  0%| F|  |TAMS 0x000000070c800000, 0x000000070c800000| Untracked 
| 163|0x000000070c900000, 0x000000070c900000, 0x000000070ca00000|  0%| F|  |TAMS 0x000000070c900000, 0x000000070c900000| Untracked 
| 164|0x000000070ca00000, 0x000000070ca00000, 0x000000070cb00000|  0%| F|  |TAMS 0x000000070ca00000, 0x000000070ca00000| Untracked 
| 165|0x000000070cb00000, 0x000000070cb00000, 0x000000070cc00000|  0%| F|  |TAMS 0x000000070cb00000, 0x000000070cb00000| Untracked 
| 166|0x000000070cc00000, 0x000000070cc00000, 0x000000070cd00000|  0%| F|  |TAMS 0x000000070cc00000, 0x000000070cc00000| Untracked 
| 167|0x000000070cd00000, 0x000000070cd00000, 0x000000070ce00000|  0%| F|  |TAMS 0x000000070cd00000, 0x000000070cd00000| Untracked 
| 168|0x000000070ce00000, 0x000000070ce00000, 0x000000070cf00000|  0%| F|  |TAMS 0x000000070ce00000, 0x000000070ce00000| Untracked 
| 169|0x000000070cf00000, 0x000000070cf00000, 0x000000070d000000|  0%| F|  |TAMS 0x000000070cf00000, 0x000000070cf00000| Untracked 
| 170|0x000000070d000000, 0x000000070d000000, 0x000000070d100000|  0%| F|  |TAMS 0x000000070d000000, 0x000000070d000000| Untracked 
| 171|0x000000070d100000, 0x000000070d100000, 0x000000070d200000|  0%| F|  |TAMS 0x000000070d100000, 0x000000070d100000| Untracked 
| 172|0x000000070d200000, 0x000000070d200000, 0x000000070d300000|  0%| F|  |TAMS 0x000000070d200000, 0x000000070d200000| Untracked 
| 173|0x000000070d300000, 0x000000070d300000, 0x000000070d400000|  0%| F|  |TAMS 0x000000070d300000, 0x000000070d300000| Untracked 
| 174|0x000000070d400000, 0x000000070d400000, 0x000000070d500000|  0%| F|  |TAMS 0x000000070d400000, 0x000000070d400000| Untracked 
| 175|0x000000070d500000, 0x000000070d500000, 0x000000070d600000|  0%| F|  |TAMS 0x000000070d500000, 0x000000070d500000| Untracked 
| 176|0x000000070d600000, 0x000000070d600000, 0x000000070d700000|  0%| F|  |TAMS 0x000000070d600000, 0x000000070d600000| Untracked 
| 177|0x000000070d700000, 0x000000070d700000, 0x000000070d800000|  0%| F|  |TAMS 0x000000070d700000, 0x000000070d700000| Untracked 
| 178|0x000000070d800000, 0x000000070d800000, 0x000000070d900000|  0%| F|  |TAMS 0x000000070d800000, 0x000000070d800000| Untracked 
| 179|0x000000070d900000, 0x000000070d900000, 0x000000070da00000|  0%| F|  |TAMS 0x000000070d900000, 0x000000070d900000| Untracked 
| 180|0x000000070da00000, 0x000000070da00000, 0x000000070db00000|  0%| F|  |TAMS 0x000000070da00000, 0x000000070da00000| Untracked 
| 181|0x000000070db00000, 0x000000070db00000, 0x000000070dc00000|  0%| F|  |TAMS 0x000000070db00000, 0x000000070db00000| Untracked 
| 182|0x000000070dc00000, 0x000000070dc00000, 0x000000070dd00000|  0%| F|  |TAMS 0x000000070dc00000, 0x000000070dc00000| Untracked 
| 183|0x000000070dd00000, 0x000000070dd00000, 0x000000070de00000|  0%| F|  |TAMS 0x000000070dd00000, 0x000000070dd00000| Untracked 
| 184|0x000000070de00000, 0x000000070de00000, 0x000000070df00000|  0%| F|  |TAMS 0x000000070de00000, 0x000000070de00000| Untracked 
| 185|0x000000070df00000, 0x000000070df00000, 0x000000070e000000|  0%| F|  |TAMS 0x000000070df00000, 0x000000070df00000| Untracked 
| 186|0x000000070e000000, 0x000000070e000000, 0x000000070e100000|  0%| F|  |TAMS 0x000000070e000000, 0x000000070e000000| Untracked 
| 187|0x000000070e100000, 0x000000070e100000, 0x000000070e200000|  0%| F|  |TAMS 0x000000070e100000, 0x000000070e100000| Untracked 
| 188|0x000000070e200000, 0x000000070e200000, 0x000000070e300000|  0%| F|  |TAMS 0x000000070e200000, 0x000000070e200000| Untracked 
| 189|0x000000070e300000, 0x000000070e300000, 0x000000070e400000|  0%| F|  |TAMS 0x000000070e300000, 0x000000070e300000| Untracked 
| 190|0x000000070e400000, 0x000000070e400000, 0x000000070e500000|  0%| F|  |TAMS 0x000000070e400000, 0x000000070e400000| Untracked 
| 191|0x000000070e500000, 0x000000070e500000, 0x000000070e600000|  0%| F|  |TAMS 0x000000070e500000, 0x000000070e500000| Untracked 
| 192|0x000000070e600000, 0x000000070e600000, 0x000000070e700000|  0%| F|  |TAMS 0x000000070e600000, 0x000000070e600000| Untracked 
| 193|0x000000070e700000, 0x000000070e700000, 0x000000070e800000|  0%| F|  |TAMS 0x000000070e700000, 0x000000070e700000| Untracked 
| 194|0x000000070e800000, 0x000000070e800000, 0x000000070e900000|  0%| F|  |TAMS 0x000000070e800000, 0x000000070e800000| Untracked 
| 195|0x000000070e900000, 0x000000070e900000, 0x000000070ea00000|  0%| F|  |TAMS 0x000000070e900000, 0x000000070e900000| Untracked 
| 196|0x000000070ea00000, 0x000000070ea00000, 0x000000070eb00000|  0%| F|  |TAMS 0x000000070ea00000, 0x000000070ea00000| Untracked 
| 197|0x000000070eb00000, 0x000000070eb00000, 0x000000070ec00000|  0%| F|  |TAMS 0x000000070eb00000, 0x000000070eb00000| Untracked 
| 198|0x000000070ec00000, 0x000000070ec00000, 0x000000070ed00000|  0%| F|  |TAMS 0x000000070ec00000, 0x000000070ec00000| Untracked 
| 199|0x000000070ed00000, 0x000000070ed00000, 0x000000070ee00000|  0%| F|  |TAMS 0x000000070ed00000, 0x000000070ed00000| Untracked 
| 200|0x000000070ee00000, 0x000000070ee00000, 0x000000070ef00000|  0%| F|  |TAMS 0x000000070ee00000, 0x000000070ee00000| Untracked 
| 201|0x000000070ef00000, 0x000000070ef00000, 0x000000070f000000|  0%| F|  |TAMS 0x000000070ef00000, 0x000000070ef00000| Untracked 
| 202|0x000000070f000000, 0x000000070f000000, 0x000000070f100000|  0%| F|  |TAMS 0x000000070f000000, 0x000000070f000000| Untracked 
| 203|0x000000070f100000, 0x000000070f100000, 0x000000070f200000|  0%| F|  |TAMS 0x000000070f100000, 0x000000070f100000| Untracked 
| 204|0x000000070f200000, 0x000000070f200000, 0x000000070f300000|  0%| F|  |TAMS 0x000000070f200000, 0x000000070f200000| Untracked 
| 205|0x000000070f300000, 0x000000070f300000, 0x000000070f400000|  0%| F|  |TAMS 0x000000070f300000, 0x000000070f300000| Untracked 
| 206|0x000000070f400000, 0x000000070f400000, 0x000000070f500000|  0%| F|  |TAMS 0x000000070f400000, 0x000000070f400000| Untracked 
| 207|0x000000070f500000, 0x000000070f500000, 0x000000070f600000|  0%| F|  |TAMS 0x000000070f500000, 0x000000070f500000| Untracked 
| 208|0x000000070f600000, 0x000000070f600000, 0x000000070f700000|  0%| F|  |TAMS 0x000000070f600000, 0x000000070f600000| Untracked 
| 209|0x000000070f700000, 0x000000070f700000, 0x000000070f800000|  0%| F|  |TAMS 0x000000070f700000, 0x000000070f700000| Untracked 
| 210|0x000000070f800000, 0x000000070f800000, 0x000000070f900000|  0%| F|  |TAMS 0x000000070f800000, 0x000000070f800000| Untracked 
| 211|0x000000070f900000, 0x000000070f900000, 0x000000070fa00000|  0%| F|  |TAMS 0x000000070f900000, 0x000000070f900000| Untracked 
| 212|0x000000070fa00000, 0x000000070fa00000, 0x000000070fb00000|  0%| F|  |TAMS 0x000000070fa00000, 0x000000070fa00000| Untracked 
| 213|0x000000070fb00000, 0x000000070fb00000, 0x000000070fc00000|  0%| F|  |TAMS 0x000000070fb00000, 0x000000070fb00000| Untracked 
| 214|0x000000070fc00000, 0x000000070fc00000, 0x000000070fd00000|  0%| F|  |TAMS 0x000000070fc00000, 0x000000070fc00000| Untracked 
| 215|0x000000070fd00000, 0x000000070fd00000, 0x000000070fe00000|  0%| F|  |TAMS 0x000000070fd00000, 0x000000070fd00000| Untracked 
| 216|0x000000070fe00000, 0x000000070fe00000, 0x000000070ff00000|  0%| F|  |TAMS 0x000000070fe00000, 0x000000070fe00000| Untracked 
| 217|0x000000070ff00000, 0x000000070ff00000, 0x0000000710000000|  0%| F|  |TAMS 0x000000070ff00000, 0x000000070ff00000| Untracked 
| 218|0x0000000710000000, 0x0000000710000000, 0x0000000710100000|  0%| F|  |TAMS 0x0000000710000000, 0x0000000710000000| Untracked 
| 219|0x0000000710100000, 0x0000000710100000, 0x0000000710200000|  0%| F|  |TAMS 0x0000000710100000, 0x0000000710100000| Untracked 
| 220|0x0000000710200000, 0x0000000710200000, 0x0000000710300000|  0%| F|  |TAMS 0x0000000710200000, 0x0000000710200000| Untracked 
| 221|0x0000000710300000, 0x0000000710300000, 0x0000000710400000|  0%| F|  |TAMS 0x0000000710300000, 0x0000000710300000| Untracked 
| 222|0x0000000710400000, 0x0000000710400000, 0x0000000710500000|  0%| F|  |TAMS 0x0000000710400000, 0x0000000710400000| Untracked 
| 223|0x0000000710500000, 0x0000000710500000, 0x0000000710600000|  0%| F|  |TAMS 0x0000000710500000, 0x0000000710500000| Untracked 
| 224|0x0000000710600000, 0x0000000710600000, 0x0000000710700000|  0%| F|  |TAMS 0x0000000710600000, 0x0000000710600000| Untracked 
| 225|0x0000000710700000, 0x0000000710700000, 0x0000000710800000|  0%| F|  |TAMS 0x0000000710700000, 0x0000000710700000| Untracked 
| 226|0x0000000710800000, 0x0000000710800000, 0x0000000710900000|  0%| F|  |TAMS 0x0000000710800000, 0x0000000710800000| Untracked 
| 227|0x0000000710900000, 0x0000000710900000, 0x0000000710a00000|  0%| F|  |TAMS 0x0000000710900000, 0x0000000710900000| Untracked 
| 228|0x0000000710a00000, 0x0000000710a00000, 0x0000000710b00000|  0%| F|  |TAMS 0x0000000710a00000, 0x0000000710a00000| Untracked 
| 229|0x0000000710b00000, 0x0000000710b00000, 0x0000000710c00000|  0%| F|  |TAMS 0x0000000710b00000, 0x0000000710b00000| Untracked 
| 230|0x0000000710c00000, 0x0000000710c00000, 0x0000000710d00000|  0%| F|  |TAMS 0x0000000710c00000, 0x0000000710c00000| Untracked 
| 231|0x0000000710d00000, 0x0000000710d00000, 0x0000000710e00000|  0%| F|  |TAMS 0x0000000710d00000, 0x0000000710d00000| Untracked 
| 232|0x0000000710e00000, 0x0000000710e00000, 0x0000000710f00000|  0%| F|  |TAMS 0x0000000710e00000, 0x0000000710e00000| Untracked 
| 233|0x0000000710f00000, 0x0000000710f00000, 0x0000000711000000|  0%| F|  |TAMS 0x0000000710f00000, 0x0000000710f00000| Untracked 
| 234|0x0000000711000000, 0x0000000711000000, 0x0000000711100000|  0%| F|  |TAMS 0x0000000711000000, 0x0000000711000000| Untracked 
| 235|0x0000000711100000, 0x0000000711100000, 0x0000000711200000|  0%| F|  |TAMS 0x0000000711100000, 0x0000000711100000| Untracked 
| 236|0x0000000711200000, 0x0000000711200000, 0x0000000711300000|  0%| F|  |TAMS 0x0000000711200000, 0x0000000711200000| Untracked 
| 237|0x0000000711300000, 0x0000000711300000, 0x0000000711400000|  0%| F|  |TAMS 0x0000000711300000, 0x0000000711300000| Untracked 
| 238|0x0000000711400000, 0x0000000711400000, 0x0000000711500000|  0%| F|  |TAMS 0x0000000711400000, 0x0000000711400000| Untracked 
| 239|0x0000000711500000, 0x0000000711500000, 0x0000000711600000|  0%| F|  |TAMS 0x0000000711500000, 0x0000000711500000| Untracked 
| 240|0x0000000711600000, 0x0000000711600000, 0x0000000711700000|  0%| F|  |TAMS 0x0000000711600000, 0x0000000711600000| Untracked 
| 241|0x0000000711700000, 0x0000000711700000, 0x0000000711800000|  0%| F|  |TAMS 0x0000000711700000, 0x0000000711700000| Untracked 
| 242|0x0000000711800000, 0x0000000711800000, 0x0000000711900000|  0%| F|  |TAMS 0x0000000711800000, 0x0000000711800000| Untracked 
| 243|0x0000000711900000, 0x0000000711900000, 0x0000000711a00000|  0%| F|  |TAMS 0x0000000711900000, 0x0000000711900000| Untracked 
| 244|0x0000000711a00000, 0x0000000711a00000, 0x0000000711b00000|  0%| F|  |TAMS 0x0000000711a00000, 0x0000000711a00000| Untracked 
| 245|0x0000000711b00000, 0x0000000711b00000, 0x0000000711c00000|  0%| F|  |TAMS 0x0000000711b00000, 0x0000000711b00000| Untracked 
| 246|0x0000000711c00000, 0x0000000711c00000, 0x0000000711d00000|  0%| F|  |TAMS 0x0000000711c00000, 0x0000000711c00000| Untracked 
| 247|0x0000000711d00000, 0x0000000711d00000, 0x0000000711e00000|  0%| F|  |TAMS 0x0000000711d00000, 0x0000000711d00000| Untracked 
| 248|0x0000000711e00000, 0x0000000711e00000, 0x0000000711f00000|  0%| F|  |TAMS 0x0000000711e00000, 0x0000000711e00000| Untracked 
| 249|0x0000000711f00000, 0x0000000711f80800, 0x0000000712000000| 50%| E|  |TAMS 0x0000000711f00000, 0x0000000711f00000| Complete 
| 250|0x0000000712000000, 0x0000000712100000, 0x0000000712100000|100%| E|CS|TAMS 0x0000000712000000, 0x0000000712000000| Complete 
| 251|0x0000000712100000, 0x0000000712200000, 0x0000000712200000|100%| E|CS|TAMS 0x0000000712100000, 0x0000000712100000| Complete 
| 252|0x0000000712200000, 0x0000000712300000, 0x0000000712300000|100%| E|CS|TAMS 0x0000000712200000, 0x0000000712200000| Complete 
| 253|0x0000000712300000, 0x0000000712400000, 0x0000000712400000|100%| E|CS|TAMS 0x0000000712300000, 0x0000000712300000| Complete 
| 254|0x0000000712400000, 0x0000000712500000, 0x0000000712500000|100%| E|CS|TAMS 0x0000000712400000, 0x0000000712400000| Complete 
| 255|0x0000000712500000, 0x0000000712600000, 0x0000000712600000|100%| E|CS|TAMS 0x0000000712500000, 0x0000000712500000| Complete 
| 256|0x0000000712600000, 0x0000000712700000, 0x0000000712700000|100%| E|CS|TAMS 0x0000000712600000, 0x0000000712600000| Complete 
| 257|0x0000000712700000, 0x0000000712800000, 0x0000000712800000|100%| E|CS|TAMS 0x0000000712700000, 0x0000000712700000| Complete 
| 258|0x0000000712800000, 0x0000000712900000, 0x0000000712900000|100%| E|CS|TAMS 0x0000000712800000, 0x0000000712800000| Complete 
| 259|0x0000000712900000, 0x0000000712a00000, 0x0000000712a00000|100%| E|CS|TAMS 0x0000000712900000, 0x0000000712900000| Complete 
| 260|0x0000000712a00000, 0x0000000712b00000, 0x0000000712b00000|100%| E|CS|TAMS 0x0000000712a00000, 0x0000000712a00000| Complete 
| 261|0x0000000712b00000, 0x0000000712c00000, 0x0000000712c00000|100%| E|CS|TAMS 0x0000000712b00000, 0x0000000712b00000| Complete 
| 262|0x0000000712c00000, 0x0000000712d00000, 0x0000000712d00000|100%| E|CS|TAMS 0x0000000712c00000, 0x0000000712c00000| Complete 
| 263|0x0000000712d00000, 0x0000000712e00000, 0x0000000712e00000|100%| E|CS|TAMS 0x0000000712d00000, 0x0000000712d00000| Complete 
| 264|0x0000000712e00000, 0x0000000712f00000, 0x0000000712f00000|100%| E|CS|TAMS 0x0000000712e00000, 0x0000000712e00000| Complete 
| 265|0x0000000712f00000, 0x0000000713000000, 0x0000000713000000|100%| E|CS|TAMS 0x0000000712f00000, 0x0000000712f00000| Complete 
| 266|0x0000000713000000, 0x0000000713100000, 0x0000000713100000|100%| E|CS|TAMS 0x0000000713000000, 0x0000000713000000| Complete 
| 267|0x0000000713100000, 0x0000000713200000, 0x0000000713200000|100%| E|CS|TAMS 0x0000000713100000, 0x0000000713100000| Complete 
| 268|0x0000000713200000, 0x0000000713300000, 0x0000000713300000|100%| E|CS|TAMS 0x0000000713200000, 0x0000000713200000| Complete 
| 269|0x0000000713300000, 0x0000000713400000, 0x0000000713400000|100%| E|CS|TAMS 0x0000000713300000, 0x0000000713300000| Complete 
| 270|0x0000000713400000, 0x0000000713500000, 0x0000000713500000|100%| E|CS|TAMS 0x0000000713400000, 0x0000000713400000| Complete 
| 271|0x0000000713500000, 0x0000000713600000, 0x0000000713600000|100%| E|CS|TAMS 0x0000000713500000, 0x0000000713500000| Complete 
| 272|0x0000000713600000, 0x0000000713700000, 0x0000000713700000|100%| E|CS|TAMS 0x0000000713600000, 0x0000000713600000| Complete 
| 273|0x0000000713700000, 0x0000000713800000, 0x0000000713800000|100%| E|CS|TAMS 0x0000000713700000, 0x0000000713700000| Complete 
| 274|0x0000000713800000, 0x0000000713900000, 0x0000000713900000|100%| E|CS|TAMS 0x0000000713800000, 0x0000000713800000| Complete 
| 275|0x0000000713900000, 0x0000000713a00000, 0x0000000713a00000|100%| E|CS|TAMS 0x0000000713900000, 0x0000000713900000| Complete 
| 276|0x0000000713a00000, 0x0000000713b00000, 0x0000000713b00000|100%| E|CS|TAMS 0x0000000713a00000, 0x0000000713a00000| Complete 
| 277|0x0000000713b00000, 0x0000000713c00000, 0x0000000713c00000|100%| E|CS|TAMS 0x0000000713b00000, 0x0000000713b00000| Complete 
| 278|0x0000000713c00000, 0x0000000713d00000, 0x0000000713d00000|100%| E|CS|TAMS 0x0000000713c00000, 0x0000000713c00000| Complete 
| 279|0x0000000713d00000, 0x0000000713e00000, 0x0000000713e00000|100%| E|CS|TAMS 0x0000000713d00000, 0x0000000713d00000| Complete 
| 280|0x0000000713e00000, 0x0000000713f00000, 0x0000000713f00000|100%| E|CS|TAMS 0x0000000713e00000, 0x0000000713e00000| Complete 
| 281|0x0000000713f00000, 0x0000000714000000, 0x0000000714000000|100%| E|CS|TAMS 0x0000000713f00000, 0x0000000713f00000| Complete 
| 282|0x0000000714000000, 0x0000000714100000, 0x0000000714100000|100%| E|CS|TAMS 0x0000000714000000, 0x0000000714000000| Complete 
| 283|0x0000000714100000, 0x0000000714200000, 0x0000000714200000|100%| E|CS|TAMS 0x0000000714100000, 0x0000000714100000| Complete 
| 284|0x0000000714200000, 0x0000000714300000, 0x0000000714300000|100%| E|CS|TAMS 0x0000000714200000, 0x0000000714200000| Complete 
| 285|0x0000000714300000, 0x0000000714400000, 0x0000000714400000|100%| E|CS|TAMS 0x0000000714300000, 0x0000000714300000| Complete 
| 286|0x0000000714400000, 0x0000000714500000, 0x0000000714500000|100%| E|CS|TAMS 0x0000000714400000, 0x0000000714400000| Complete 
| 287|0x0000000714500000, 0x0000000714600000, 0x0000000714600000|100%| E|CS|TAMS 0x0000000714500000, 0x0000000714500000| Complete 
| 288|0x0000000714600000, 0x0000000714700000, 0x0000000714700000|100%| E|CS|TAMS 0x0000000714600000, 0x0000000714600000| Complete 
| 289|0x0000000714700000, 0x0000000714800000, 0x0000000714800000|100%| E|CS|TAMS 0x0000000714700000, 0x0000000714700000| Complete 
| 290|0x0000000714800000, 0x0000000714900000, 0x0000000714900000|100%| E|CS|TAMS 0x0000000714800000, 0x0000000714800000| Complete 
| 291|0x0000000714900000, 0x0000000714a00000, 0x0000000714a00000|100%| E|CS|TAMS 0x0000000714900000, 0x0000000714900000| Complete 
| 292|0x0000000714a00000, 0x0000000714b00000, 0x0000000714b00000|100%| E|CS|TAMS 0x0000000714a00000, 0x0000000714a00000| Complete 
| 293|0x0000000714b00000, 0x0000000714c00000, 0x0000000714c00000|100%| E|CS|TAMS 0x0000000714b00000, 0x0000000714b00000| Complete 
| 294|0x0000000714c00000, 0x0000000714d00000, 0x0000000714d00000|100%| E|CS|TAMS 0x0000000714c00000, 0x0000000714c00000| Complete 
| 295|0x0000000714d00000, 0x0000000714e00000, 0x0000000714e00000|100%| E|CS|TAMS 0x0000000714d00000, 0x0000000714d00000| Complete 
| 296|0x0000000714e00000, 0x0000000714f00000, 0x0000000714f00000|100%| E|CS|TAMS 0x0000000714e00000, 0x0000000714e00000| Complete 
| 297|0x0000000714f00000, 0x0000000715000000, 0x0000000715000000|100%| E|CS|TAMS 0x0000000714f00000, 0x0000000714f00000| Complete 
| 298|0x0000000715000000, 0x0000000715100000, 0x0000000715100000|100%| E|CS|TAMS 0x0000000715000000, 0x0000000715000000| Complete 
| 299|0x0000000715100000, 0x0000000715200000, 0x0000000715200000|100%| E|CS|TAMS 0x0000000715100000, 0x0000000715100000| Complete 
| 300|0x0000000715200000, 0x0000000715300000, 0x0000000715300000|100%| E|CS|TAMS 0x0000000715200000, 0x0000000715200000| Complete 
| 301|0x0000000715300000, 0x0000000715400000, 0x0000000715400000|100%| E|CS|TAMS 0x0000000715300000, 0x0000000715300000| Complete 
| 302|0x0000000715400000, 0x0000000715500000, 0x0000000715500000|100%| E|CS|TAMS 0x0000000715400000, 0x0000000715400000| Complete 
| 303|0x0000000715500000, 0x0000000715600000, 0x0000000715600000|100%| E|CS|TAMS 0x0000000715500000, 0x0000000715500000| Complete 
| 304|0x0000000715600000, 0x0000000715700000, 0x0000000715700000|100%| E|CS|TAMS 0x0000000715600000, 0x0000000715600000| Complete 

Card table byte_map: [0x00000267ddb80000,0x00000267de370000] _byte_map_base: 0x00000267da36d000

Marking Bits (Prev, Next): (CMBitMap*) 0x00000267c57b2958, (CMBitMap*) 0x00000267c57b2990
 Prev Bits: [0x00000267deb60000, 0x00000267e2ac8000)
 Next Bits: [0x00000267e2ad0000, 0x00000267e6a38000)

Polling page: 0x00000267c3470000

Metaspace:

Usage:
  Non-class:     43.93 MB capacity,    43.13 MB ( 98%) used,   646.34 KB (  1%) free+waste,   172.69 KB ( <1%) overhead. 
      Class:      6.51 MB capacity,     5.95 MB ( 91%) used,   496.16 KB (  7%) free+waste,    82.19 KB (  1%) overhead. 
       Both:     50.44 MB capacity,    49.08 MB ( 97%) used,     1.12 MB (  2%) free+waste,   254.88 KB ( <1%) overhead. 

Virtual space:
  Non-class space:       44.00 MB reserved,      44.00 MB (100%) committed 
      Class space:        1.00 GB reserved,       6.63 MB ( <1%) committed 
             Both:        1.04 GB reserved,      50.63 MB (  5%) committed 

Chunk freelists:
   Non-Class:  10.00 KB
       Class:  17.00 KB
        Both:  27.00 KB

MaxMetaspaceSize: 17179869184.00 GB
CompressedClassSpaceSize: 1.00 GB

CodeHeap 'non-profiled nmethods': size=120000Kb used=2822Kb max_used=2822Kb free=117177Kb
 bounds [0x00000267d5900000, 0x00000267d5bd0000, 0x00000267dce30000]
CodeHeap 'profiled nmethods': size=120000Kb used=11410Kb max_used=11410Kb free=108589Kb
 bounds [0x00000267ce3d0000, 0x00000267cef00000, 0x00000267d5900000]
CodeHeap 'non-nmethods': size=5760Kb used=1195Kb max_used=1256Kb free=4564Kb
 bounds [0x00000267cde30000, 0x00000267ce0a0000, 0x00000267ce3d0000]
 total_blobs=5381 nmethods=4840 adapters=452
 compilation: enabled
              stopped_count=0, restarted_count=0
 full_count=0

Compilation events (20 events):
Event: 90.066 Thread 0x00000267ea10c800 nmethod 4864 0x00000267ceef0510 code [0x00000267ceef0720, 0x00000267ceef0be8]
Event: 90.066 Thread 0x00000267ea10c800 4866       3       sun.nio.cs.StreamEncoder::writeBytes (132 bytes)
Event: 90.066 Thread 0x00000267ea10c800 nmethod 4866 0x00000267ceef0e90 code [0x00000267ceef1100, 0x00000267ceef1b58]
Event: 90.066 Thread 0x00000267ea10c800 4867       3       sun.nio.cs.StreamEncoder::implFlushBuffer (15 bytes)
Event: 90.067 Thread 0x00000267ea10c800 nmethod 4867 0x00000267ceef1e90 code [0x00000267ceef2040, 0x00000267ceef21c8]
Event: 90.067 Thread 0x00000267ea10c800 4868       3       sun.nio.cs.StreamEncoder::isOpen (13 bytes)
Event: 90.067 Thread 0x00000267ea10c800 nmethod 4868 0x00000267ceef2290 code [0x00000267ceef2440, 0x00000267ceef2598]
Event: 90.075 Thread 0x00000267ea10c800 4869   !   3       java.io.PrintStream::println (24 bytes)
Event: 90.076 Thread 0x00000267ea10c800 nmethod 4869 0x00000267ceef2610 code [0x00000267ceef2800, 0x00000267ceef2cb8]
Event: 90.076 Thread 0x00000267ea10c800 4871       3       java.io.OutputStreamWriter::flushBuffer (8 bytes)
Event: 90.076 Thread 0x00000267ea10c800 nmethod 4871 0x00000267ceef2e90 code [0x00000267ceef3040, 0x00000267ceef3188]
Event: 90.076 Thread 0x00000267ea10c800 4872   !   3       sun.nio.cs.StreamEncoder::flushBuffer (42 bytes)
Event: 90.076 Thread 0x00000267ea10c800 nmethod 4872 0x00000267ceef3290 code [0x00000267ceef34a0, 0x00000267ceef3a38]
Event: 90.076 Thread 0x00000267ea10c800 4870       3       java.io.PrintStream::print (9 bytes)
Event: 90.076 Thread 0x00000267ea10c800 nmethod 4870 0x00000267ceef3c90 code [0x00000267ceef3e60, 0x00000267ceef40a8]
Event: 90.083 Thread 0x00000267ea10c800 4873       3       java.nio.Buffer::clear (20 bytes)
Event: 90.084 Thread 0x00000267ea10c800 nmethod 4873 0x00000267ceef4210 code [0x00000267ceef43c0, 0x00000267ceef44d8]
Event: 90.111 Thread 0x00000267ea0fb000 4874       4       sun.nio.cs.UTF_8$Decoder::decodeArrayLoop (691 bytes)
Event: 90.111 Thread 0x00000267ea10c800 4875       3       java.nio.ByteBuffer::clear (7 bytes)
Event: 90.112 Thread 0x00000267ea10c800 nmethod 4875 0x00000267ceef4590 code [0x00000267ceef4740, 0x00000267ceef48b8]

GC Heap History (12 events):
Event: 0.410 GC heap before
{Heap before GC invocations=0 (full 0):
 garbage-first heap   total 260096K, used 23552K [0x0000000702600000, 0x0000000800000000)
  region size 1024K, 24 young (24576K), 0 survivors (0K)
 Metaspace       used 11383K, capacity 11631K, committed 11904K, reserved 1060864K
  class space    used 1086K, capacity 1131K, committed 1152K, reserved 1048576K
}
Event: 0.413 GC heap after
{Heap after GC invocations=1 (full 0):
 garbage-first heap   total 260096K, used 5934K [0x0000000702600000, 0x0000000800000000)
  region size 1024K, 3 young (3072K), 3 survivors (3072K)
 Metaspace       used 11383K, capacity 11631K, committed 11904K, reserved 1060864K
  class space    used 1086K, capacity 1131K, committed 1152K, reserved 1048576K
}
Event: 0.916 GC heap before
{Heap before GC invocations=1 (full 0):
 garbage-first heap   total 260096K, used 59182K [0x0000000702600000, 0x0000000800000000)
  region size 1024K, 56 young (57344K), 3 survivors (3072K)
 Metaspace       used 20642K, capacity 21183K, committed 21248K, reserved 1069056K
  class space    used 2295K, capacity 2504K, committed 2560K, reserved 1048576K
}
Event: 0.922 GC heap after
{Heap after GC invocations=2 (full 0):
 garbage-first heap   total 260096K, used 8494K [0x0000000702600000, 0x0000000800000000)
  region size 1024K, 6 young (6144K), 6 survivors (6144K)
 Metaspace       used 20642K, capacity 21183K, committed 21248K, reserved 1069056K
  class space    used 2295K, capacity 2504K, committed 2560K, reserved 1048576K
}
Event: 1.240 GC heap before
{Heap before GC invocations=3 (full 0):
 garbage-first heap   total 260096K, used 60718K [0x0000000702600000, 0x0000000800000000)
  region size 1024K, 58 young (59392K), 6 survivors (6144K)
 Metaspace       used 27482K, capacity 28231K, committed 28288K, reserved 1075200K
  class space    used 3130K, capacity 3408K, committed 3456K, reserved 1048576K
}
Event: 1.245 GC heap after
{Heap after GC invocations=4 (full 0):
 garbage-first heap   total 260096K, used 10557K [0x0000000702600000, 0x0000000800000000)
  region size 1024K, 5 young (5120K), 5 survivors (5120K)
 Metaspace       used 27482K, capacity 28231K, committed 28288K, reserved 1075200K
  class space    used 3130K, capacity 3408K, committed 3456K, reserved 1048576K
}
Event: 2.740 GC heap before
{Heap before GC invocations=4 (full 0):
 garbage-first heap   total 260096K, used 86333K [0x0000000702600000, 0x0000000800000000)
  region size 1024K, 79 young (80896K), 5 survivors (5120K)
 Metaspace       used 33630K, capacity 34543K, committed 34816K, reserved 1079296K
  class space    used 3939K, capacity 4307K, committed 4352K, reserved 1048576K
}
Event: 2.744 GC heap after
{Heap after GC invocations=5 (full 0):
 garbage-first heap   total 260096K, used 13798K [0x0000000702600000, 0x0000000800000000)
  region size 1024K, 8 young (8192K), 8 survivors (8192K)
 Metaspace       used 33630K, capacity 34543K, committed 34816K, reserved 1079296K
  class space    used 3939K, capacity 4307K, committed 4352K, reserved 1048576K
}
Event: 2.787 GC heap before
{Heap before GC invocations=5 (full 0):
 garbage-first heap   total 260096K, used 17894K [0x0000000702600000, 0x0000000800000000)
  region size 1024K, 13 young (13312K), 8 survivors (8192K)
 Metaspace       used 34715K, capacity 35677K, committed 35840K, reserved 1081344K
  class space    used 4067K, capacity 4494K, committed 4608K, reserved 1048576K
}
Event: 2.797 GC heap after
{Heap after GC invocations=6 (full 0):
 garbage-first heap   total 260096K, used 13988K [0x0000000702600000, 0x0000000800000000)
  region size 1024K, 8 young (8192K), 8 survivors (8192K)
 Metaspace       used 34715K, capacity 35677K, committed 35840K, reserved 1081344K
  class space    used 4067K, capacity 4494K, committed 4608K, reserved 1048576K
}
Event: 3.801 GC heap before
{Heap before GC invocations=7 (full 0):
 garbage-first heap   total 260096K, used 148132K [0x0000000702600000, 0x0000000800000000)
  region size 1024K, 139 young (142336K), 8 survivors (8192K)
 Metaspace       used 42651K, capacity 43984K, committed 44032K, reserved 1087488K
  class space    used 5041K, capacity 5584K, committed 5632K, reserved 1048576K
}
Event: 3.811 GC heap after
{Heap after GC invocations=8 (full 0):
 garbage-first heap   total 312320K, used 18084K [0x0000000702600000, 0x0000000800000000)
  region size 1024K, 12 young (12288K), 12 survivors (12288K)
 Metaspace       used 42651K, capacity 43984K, committed 44032K, reserved 1087488K
  class space    used 5041K, capacity 5584K, committed 5632K, reserved 1048576K
}

Deoptimization events (20 events):
Event: 4.340 Thread 0x00000267c574b800 DEOPT PACKING pc=0x00000267d5ac117c sp=0x000000bfebdfba00
Event: 4.340 Thread 0x00000267c574b800 DEOPT UNPACKING pc=0x00000267cde57b2f sp=0x000000bfebdfb998 mode 2
Event: 4.357 Thread 0x00000267c574b800 Uncommon trap: trap_request=0xffffffde fr.pc=0x00000267d59a721c relative=0x000000000000123c
Event: 4.357 Thread 0x00000267c574b800 Uncommon trap: reason=class_check action=maybe_recompile pc=0x00000267d59a721c method=java.lang.invoke.LambdaForm$Name.replaceNames([Ljava/lang/invoke/LambdaForm$Name;[Ljava/lang/invoke/LambdaForm$Name;II)Ljava/lang/invoke/LambdaForm$Name; @ 33 c2
Event: 4.357 Thread 0x00000267c574b800 DEOPT PACKING pc=0x00000267d59a721c sp=0x000000bfebdfd4f0
Event: 4.357 Thread 0x00000267c574b800 DEOPT UNPACKING pc=0x00000267cde57b2f sp=0x000000bfebdfd4d0 mode 2
Event: 4.357 Thread 0x00000267c574b800 Uncommon trap: trap_request=0xffffffde fr.pc=0x00000267d59a721c relative=0x000000000000123c
Event: 4.357 Thread 0x00000267c574b800 Uncommon trap: reason=class_check action=maybe_recompile pc=0x00000267d59a721c method=java.lang.invoke.LambdaForm$Name.replaceNames([Ljava/lang/invoke/LambdaForm$Name;[Ljava/lang/invoke/LambdaForm$Name;II)Ljava/lang/invoke/LambdaForm$Name; @ 33 c2
Event: 4.357 Thread 0x00000267c574b800 DEOPT PACKING pc=0x00000267d59a721c sp=0x000000bfebdfd4f0
Event: 4.357 Thread 0x00000267c574b800 DEOPT UNPACKING pc=0x00000267cde57b2f sp=0x000000bfebdfd4d0 mode 2
Event: 4.357 Thread 0x00000267c574b800 Uncommon trap: trap_request=0xffffffde fr.pc=0x00000267d59d1064 relative=0x0000000000000044
Event: 4.357 Thread 0x00000267c574b800 Uncommon trap: reason=class_check action=maybe_recompile pc=0x00000267d59d1064 method=java.lang.invoke.DirectMethodHandle.internalMemberName(Ljava/lang/Object;)Ljava/lang/Object; @ 1 c2
Event: 4.357 Thread 0x00000267c574b800 DEOPT PACKING pc=0x00000267d59d1064 sp=0x000000bfebdfd690
Event: 4.357 Thread 0x00000267c574b800 DEOPT UNPACKING pc=0x00000267cde57b2f sp=0x000000bfebdfd620 mode 2
Event: 4.388 Thread 0x00000267c574b800 Uncommon trap: trap_request=0xffffff4d fr.pc=0x00000267d5944d70 relative=0x0000000000000810
Event: 4.388 Thread 0x00000267c574b800 Uncommon trap: reason=unstable_if action=reinterpret pc=0x00000267d5944d70 method=java.lang.Integer.stringSize(I)I @ 19 c2
Event: 4.388 Thread 0x00000267c574b800 DEOPT PACKING pc=0x00000267d5944d70 sp=0x000000bfebdfbf60
Event: 4.388 Thread 0x00000267c574b800 DEOPT UNPACKING pc=0x00000267cde57b2f sp=0x000000bfebdfbeb8 mode 2
Event: 90.111 Thread 0x00000267f417d800 DEOPT PACKING pc=0x00000267ceea2667 sp=0x000000bfeddfecb0
Event: 90.111 Thread 0x00000267f417d800 DEOPT UNPACKING pc=0x00000267cde5794e sp=0x000000bfeddfe250 mode 0

Classes redefined (0 events):
No events

Internal exceptions (20 events):
Event: 3.692 Thread 0x00000267c574b800 Exception <a 'java/lang/ClassNotFoundException'{0x000000070a267e18}: org/springframework/beans/factory/DisposableBeanCustomizer> (0x000000070a267e18) thrown at [./src/hotspot/share/classfile/systemDictionary.cpp, line 231]
Event: 3.694 Thread 0x00000267c574b800 Exception <a 'java/lang/ClassNotFoundException'{0x000000070a28e158}: java/lang/ObjectCustomizer> (0x000000070a28e158) thrown at [./src/hotspot/share/classfile/systemDictionary.cpp, line 231]
Event: 3.694 Thread 0x00000267c574b800 Exception <a 'java/lang/ClassNotFoundException'{0x000000070a2a72e0}: org/springframework/web/multipart/support/StandardServletMultipartResolverCustomizer> (0x000000070a2a72e0) thrown at [./src/hotspot/share/classfile/systemDictionary.cpp, line 231]
Event: 3.695 Thread 0x00000267c574b800 Exception <a 'java/lang/ClassNotFoundException'{0x000000070a2bf5a8}: org/springframework/web/multipart/MultipartResolverCustomizer> (0x000000070a2bf5a8) thrown at [./src/hotspot/share/classfile/systemDictionary.cpp, line 231]
Event: 3.728 Thread 0x00000267c574b800 Exception <a 'java/lang/ClassNotFoundException'{0x0000000709f41930}: java/lang/ObjectCustomizer> (0x0000000709f41930) thrown at [./src/hotspot/share/classfile/systemDictionary.cpp, line 231]
Event: 3.728 Thread 0x00000267c574b800 Exception <a 'java/lang/ClassNotFoundException'{0x0000000709f57388}: com/example/videoSegmentation/testPython/BaseTestCustomizer> (0x0000000709f57388) thrown at [./src/hotspot/share/classfile/systemDictionary.cpp, line 231]
Event: 3.729 Thread 0x00000267c574b800 Exception <a 'java/lang/ClassNotFoundException'{0x0000000709f6be58}: com/example/videoSegmentation/testPython/SceneBoundaryTestCustomizer> (0x0000000709f6be58) thrown at [./src/hotspot/share/classfile/systemDictionary.cpp, line 231]
Event: 3.736 Thread 0x00000267c574b800 Exception <a 'java/lang/NoSuchMethodError'{0x0000000709fe9c30}: 'java.lang.Object java.lang.invoke.DirectMethodHandle$Holder.invokeSpecial(java.lang.Object, java.lang.Object, java.lang.Object, java.lang.Object, java.lang.Object, int)'> (0x0000000709fe9c30) thrown at [./src/hotspot/share/interpreter/linkResolver.cpp, line 773]
Event: 3.736 Thread 0x00000267c574b800 Exception <a 'java/lang/NoSuchMethodError'{0x0000000709fed080}: 'java.lang.Object java.lang.invoke.Invokers$Holder.linkToTargetMethod(java.lang.Object, java.lang.Object, java.lang.Object, int, java.lang.Object)'> (0x0000000709fed080) thrown at [./src/hotspot/share/interpreter/linkResolver.cpp, line 773]
Event: 4.008 Thread 0x00000267c574b800 Exception <a 'java/lang/ClassNotFoundException'{0x0000000714433108}: java/lang/ClassLoader$ByteBuddyAccessor$V1> (0x0000000714433108) thrown at [./src/hotspot/share/classfile/systemDictionary.cpp, line 231]
Event: 4.349 Thread 0x00000267c574b800 Exception <a 'java/lang/NoSuchMethodError'{0x00000007126990e0}: 'java.lang.Object java.lang.invoke.DirectMethodHandle$Holder.invokeStaticInit(java.lang.Object, java.lang.Object, java.lang.Object, java.lang.Object)'> (0x00000007126990e0) thrown at [./src/hotspot/share/interpreter/linkResolver.cpp, line 773]
Event: 4.356 Thread 0x00000267c574b800 Exception <a 'java/lang/NoSuchMethodError'{0x0000000712554290}: 'java.lang.Object java.lang.invoke.DirectMethodHandle$Holder.invokeSpecialIFC(java.lang.Object, java.lang.Object, java.lang.Object)'> (0x0000000712554290) thrown at [./src/hotspot/share/interpreter/linkResolver.cpp, line 773]
Event: 4.356 Thread 0x00000267c574b800 Exception <a 'java/lang/NoSuchMethodError'{0x0000000712557938}: 'java.lang.Object java.lang.invoke.Invokers$Holder.invoker(java.lang.Object, java.lang.Object, java.lang.Object)'> (0x0000000712557938) thrown at [./src/hotspot/share/interpreter/linkResolver.cpp, line 773]
Event: 4.377 Thread 0x00000267c574b800 Exception <a 'java/lang/ClassNotFoundException'{0x0000000712326720}: java/util/MapBeanInfo> (0x0000000712326720) thrown at [./src/hotspot/share/classfile/systemDictionary.cpp, line 231]
Event: 4.377 Thread 0x00000267c574b800 Exception <a 'java/lang/ClassNotFoundException'{0x0000000712327980}: java/util/MapCustomizer> (0x0000000712327980) thrown at [./src/hotspot/share/classfile/systemDictionary.cpp, line 231]
Event: 4.395 Thread 0x00000267c574b800 Exception <a 'java/lang/NoSuchMethodError'{0x0000000712128f38}: 'void java.lang.invoke.DirectMethodHandle$Holder.invokeStatic(java.lang.Object, long)'> (0x0000000712128f38) thrown at [./src/hotspot/share/interpreter/linkResolver.cpp, line 773]
Event: 4.396 Thread 0x00000267c574b800 Exception <a 'java/lang/NoSuchMethodError'{0x000000071212e0e8}: 'java.lang.Object java.lang.invoke.DirectMethodHandle$Holder.invokeStatic(java.lang.Object, long)'> (0x000000071212e0e8) thrown at [./src/hotspot/share/interpreter/linkResolver.cpp, line 773]
Event: 4.398 Thread 0x00000267c574b800 Exception <a 'java/lang/NoSuchMethodError'{0x000000071213c388}: 'java.lang.Object java.lang.invoke.DirectMethodHandle$Holder.invokeStaticInit(java.lang.Object, java.lang.Object, long, java.lang.Object)'> (0x000000071213c388) thrown at [./src/hotspot/share/interpreter/linkResolver.cpp, line 773]
Event: 4.398 Thread 0x00000267c574b800 Exception <a 'java/lang/NoSuchMethodError'{0x0000000712142300}: 'java.lang.Object java.lang.invoke.DirectMethodHandle$Holder.invokeStatic(java.lang.Object, java.lang.Object, long)'> (0x0000000712142300) thrown at [./src/hotspot/share/interpreter/linkResolver.cpp, line 773]
Event: 4.398 Thread 0x00000267c574b800 Exception <a 'java/lang/NoSuchMethodError'{0x0000000712148878}: 'java.lang.Object java.lang.invoke.Invokers$Holder.linkToTargetMethod(java.lang.Object, long, java.lang.Object)'> (0x0000000712148878) thrown at [./src/hotspot/share/interpreter/linkResolver.cpp, line 773]

Events (20 events):
Event: 4.397 loading class java/lang/ProcessHandle
Event: 4.397 loading class java/lang/ProcessHandle done
Event: 4.397 loading class java/lang/ProcessHandleImpl done
Event: 4.399 loading class java/util/concurrent/SynchronousQueue$TransferStack
Event: 4.399 loading class java/util/concurrent/SynchronousQueue$TransferStack done
Event: 4.399 loading class java/util/concurrent/SynchronousQueue$TransferStack$SNode
Event: 4.399 loading class java/util/concurrent/SynchronousQueue$TransferStack$SNode done
Event: 4.399 loading class java/lang/ProcessImpl$2
Event: 4.399 loading class java/lang/ProcessImpl$2 done
Event: 4.399 loading class java/lang/Process$PipeInputStream
Event: 4.399 loading class java/lang/Process$PipeInputStream done
Event: 4.399 loading class com/example/video/Segmentation/util/CommandUtil
Event: 4.399 loading class com/example/video/Segmentation/util/CommandUtil done
Event: 4.400 Thread 0x00000267f4b41800 Thread added: 0x00000267f4b41800
Event: 4.400 Thread 0x00000267f417d800 Thread added: 0x00000267f417d800
Event: 9.408 Thread 0x00000267eb9d0000 Thread exited: 0x00000267eb9d0000
Event: 9.408 Executing VM operation: RevokeBias
Event: 9.408 Executing VM operation: RevokeBias done
Event: 9.408 Thread 0x00000267f6813800 Thread exited: 0x00000267f6813800
Event: 9.456 Thread 0x00000267ea38d800 Thread exited: 0x00000267ea38d800


Dynamic libraries:
0x00007ff6215d0000 - 0x00007ff6215dd000 	D:\java\jdk11\bin\javaw.exe
0x00007ff8e2930000 - 0x00007ff8e2b28000 	C:\WINDOWS\SYSTEM32\ntdll.dll
0x00007ff8e1390000 - 0x00007ff8e144f000 	C:\WINDOWS\System32\KERNEL32.DLL
0x00007ff8e0300000 - 0x00007ff8e05da000 	C:\WINDOWS\System32\KERNELBASE.dll
0x00007ff8e00a0000 - 0x00007ff8e01a0000 	C:\WINDOWS\System32\ucrtbase.dll
0x00007ff8a7e40000 - 0x00007ff8a7e57000 	D:\java\jdk11\bin\jli.dll
0x00007ff8a0410000 - 0x00007ff8a0425000 	D:\java\jdk11\bin\VCRUNTIME140.dll
0x00007ff8e1cc0000 - 0x00007ff8e1e5d000 	C:\WINDOWS\System32\USER32.dll
0x00007ff8d1510000 - 0x00007ff8d17aa000 	C:\WINDOWS\WinSxS\amd64_microsoft.windows.common-controls_6595b64144ccf1df_6.0.19041.1110_none_60b5254171f9507e\COMCTL32.dll
0x00007ff8e0070000 - 0x00007ff8e0092000 	C:\WINDOWS\System32\win32u.dll
0x00007ff8e2310000 - 0x00007ff8e23ae000 	C:\WINDOWS\System32\msvcrt.dll
0x00007ff8e12b0000 - 0x00007ff8e12db000 	C:\WINDOWS\System32\GDI32.dll
0x00007ff8e0770000 - 0x00007ff8e0880000 	C:\WINDOWS\System32\gdi32full.dll
0x00007ff8e08f0000 - 0x00007ff8e098d000 	C:\WINDOWS\System32\msvcp_win.dll
0x00007ff8e10e0000 - 0x00007ff8e1110000 	C:\WINDOWS\System32\IMM32.DLL
0x00007ff879260000 - 0x00007ff8792fb000 	D:\java\jdk11\bin\msvcp140.dll
0x00007ff8725a0000 - 0x00007ff8730e3000 	D:\java\jdk11\bin\server\jvm.dll
0x00007ff8e1b30000 - 0x00007ff8e1bde000 	C:\WINDOWS\System32\ADVAPI32.dll
0x00007ff8e12e0000 - 0x00007ff8e137c000 	C:\WINDOWS\System32\sechost.dll
0x00007ff8e2710000 - 0x00007ff8e2836000 	C:\WINDOWS\System32\RPCRT4.dll
0x00007ff8e1170000 - 0x00007ff8e1178000 	C:\WINDOWS\System32\PSAPI.DLL
0x00007ff8db9c0000 - 0x00007ff8db9c9000 	C:\WINDOWS\SYSTEM32\WSOCK32.dll
0x00007ff8d8200000 - 0x00007ff8d820a000 	C:\WINDOWS\SYSTEM32\VERSION.dll
0x00007ff8d4c90000 - 0x00007ff8d4cb7000 	C:\WINDOWS\SYSTEM32\WINMM.dll
0x00007ff8e1920000 - 0x00007ff8e198b000 	C:\WINDOWS\System32\WS2_32.dll
0x00007ff8ddf00000 - 0x00007ff8ddf12000 	C:\WINDOWS\SYSTEM32\kernel.appcore.dll
0x00007ff8cbb00000 - 0x00007ff8cbb10000 	D:\java\jdk11\bin\verify.dll
0x00007ff8d29b0000 - 0x00007ff8d2b94000 	C:\WINDOWS\SYSTEM32\DBGHELP.DLL
0x00007ff8c3de0000 - 0x00007ff8c3e14000 	C:\WINDOWS\SYSTEM32\dbgcore.DLL
0x00007ff8e05e0000 - 0x00007ff8e0662000 	C:\WINDOWS\System32\bcryptPrimitives.dll
0x00007ff8a39e0000 - 0x00007ff8a3a08000 	D:\java\jdk11\bin\java.dll
0x00007ff8cba80000 - 0x00007ff8cba8a000 	D:\java\jdk11\bin\jimage.dll
0x00007ff8a38b0000 - 0x00007ff8a38c7000 	D:\java\jdk11\bin\zip.dll
0x00007ff8e0990000 - 0x00007ff8e10d4000 	C:\WINDOWS\System32\SHELL32.dll
0x00007ff8de100000 - 0x00007ff8de893000 	C:\WINDOWS\SYSTEM32\windows.storage.dll
0x00007ff8e23b0000 - 0x00007ff8e2704000 	C:\WINDOWS\System32\combase.dll
0x00007ff8dfaa0000 - 0x00007ff8dface000 	C:\WINDOWS\SYSTEM32\Wldp.dll
0x00007ff8e1e60000 - 0x00007ff8e1f0d000 	C:\WINDOWS\System32\SHCORE.dll
0x00007ff8e1110000 - 0x00007ff8e1165000 	C:\WINDOWS\System32\shlwapi.dll
0x00007ff8dff80000 - 0x00007ff8dff9f000 	C:\WINDOWS\SYSTEM32\profapi.dll
0x00007ff8a3890000 - 0x00007ff8a38a9000 	D:\java\jdk11\bin\net.dll
0x00007ff8d6490000 - 0x00007ff8d659a000 	C:\WINDOWS\SYSTEM32\WINHTTP.dll
0x00007ff8df800000 - 0x00007ff8df86a000 	C:\WINDOWS\system32\mswsock.dll
0x00007ff8a3870000 - 0x00007ff8a3882000 	D:\java\jdk11\bin\nio.dll
0x00007ff8bcd90000 - 0x00007ff8bcd99000 	D:\java\jdk11\bin\management.dll
0x00007ff8bcb60000 - 0x00007ff8bcb6b000 	D:\java\jdk11\bin\management_ext.dll
0x00007ff8b94d0000 - 0x00007ff8b94e7000 	C:\WINDOWS\system32\napinsp.dll
0x00007ff8b9160000 - 0x00007ff8b917b000 	C:\WINDOWS\system32\pnrpnsp.dll
0x00007ff8dab70000 - 0x00007ff8dab85000 	C:\WINDOWS\system32\wshbth.dll
0x00007ff8db850000 - 0x00007ff8db86d000 	C:\WINDOWS\system32\NLAapi.dll
0x00007ff8df4a0000 - 0x00007ff8df4dc000 	C:\WINDOWS\SYSTEM32\IPHLPAPI.DLL
0x00007ff8df4f0000 - 0x00007ff8df5bb000 	C:\WINDOWS\SYSTEM32\DNSAPI.dll
0x00007ff8e1380000 - 0x00007ff8e1388000 	C:\WINDOWS\System32\NSI.dll
0x00007ff8b9140000 - 0x00007ff8b9152000 	C:\WINDOWS\System32\winrnr.dll
0x00007ff8d8810000 - 0x00007ff8d881a000 	C:\Windows\System32\rasadhlp.dll
0x00007ff8d4140000 - 0x00007ff8d41c0000 	C:\WINDOWS\System32\fwpuclnt.dll
0x00007ff8e0040000 - 0x00007ff8e0067000 	C:\WINDOWS\System32\bcrypt.dll
0x00007ff8d8020000 - 0x00007ff8d8037000 	C:\WINDOWS\SYSTEM32\dhcpcsvc6.DLL
0x00007ff8d8230000 - 0x00007ff8d824d000 	C:\WINDOWS\SYSTEM32\dhcpcsvc.DLL
0x0000000180000000 - 0x0000000180286000 	D:\webtool\apache-tomcat-9.0.54\bin\tcnative-1.dll
0x00007ff8e01a0000 - 0x00007ff8e02f6000 	C:\WINDOWS\System32\CRYPT32.dll

dbghelp: loaded successfully - version: 4.0.5 - missing functions: none
symbol engine: initialized successfully - sym options: 0x614 - pdb path: .;D:\java\jdk11\bin;C:\WINDOWS\SYSTEM32;C:\WINDOWS\WinSxS\amd64_microsoft.windows.common-controls_6595b64144ccf1df_6.0.19041.1110_none_60b5254171f9507e;D:\java\jdk11\bin\server;D:\webtool\apache-tomcat-9.0.54\bin

VM Arguments:
jvm_args: -ea -Dfile.encoding=UTF-8 
java_command: org.eclipse.jdt.internal.junit.runner.RemoteTestRunner -version 3 -port 53339 -testLoaderClass org.eclipse.jdt.internal.junit4.runner.JUnit4TestLoader -loaderpluginname org.eclipse.jdt.junit4.runtime -classNames com.example.videoSegmentation.testPython.SceneBoundaryTest
java_class_path (initial): E:\eclipse-workspace\VideoSegmentationBackend\target\test-classes;E:\eclipse-workspace\VideoSegmentationBackend\target\classes;D:\Maven\Repository\org\springframework\boot\spring-boot-starter-web\2.7.0\spring-boot-starter-web-2.7.0.jar;D:\Maven\Repository\org\springframework\boot\spring-boot-starter\2.7.0\spring-boot-starter-2.7.0.jar;D:\Maven\Repository\org\springframework\boot\spring-boot-starter-logging\2.7.0\spring-boot-starter-logging-2.7.0.jar;D:\Maven\Repository\ch\qos\logback\logback-classic\1.2.11\logback-classic-1.2.11.jar;D:\Maven\Repository\ch\qos\logback\logback-core\1.2.11\logback-core-1.2.11.jar;D:\Maven\Repository\org\apache\logging\log4j\log4j-to-slf4j\2.17.2\log4j-to-slf4j-2.17.2.jar;D:\Maven\Repository\org\apache\logging\log4j\log4j-api\2.17.2\log4j-api-2.17.2.jar;D:\Maven\Repository\org\slf4j\jul-to-slf4j\1.7.36\jul-to-slf4j-1.7.36.jar;D:\Maven\Repository\jakarta\annotation\jakarta.annotation-api\1.3.5\jakarta.annotation-api-1.3.5.jar;D:\Maven\Repository\org\yaml\snakeyaml\1.30\snakeyaml-1.30.jar;D:\Maven\Repository\org\springframework\boot\spring-boot-starter-json\2.7.0\spring-boot-starter-json-2.7.0.jar;D:\Maven\Repository\com\fasterxml\jackson\core\jackson-databind\2.13.3\jackson-databind-2.13.3.jar;D:\Maven\Repository\com\fasterxml\jackson\core\jackson-annotations\2.13.3\jackson-annotations-2.13.3.jar;D:\Maven\Repository\com\fasterxml\jackson\core\jackson-core\2.13.3\jackson-core-2.13.3.jar;D:\Maven\Repository\com\fasterxml\jackson\datatype\jackson-datatype-jdk8\2.13.3\jackson-datatype-jdk8-2.13.3.jar;D:\Maven\Repository\com\fasterxml\jackson\datatype\jackson-datatype-jsr310\2.13.3\jackson-datatype-jsr310-2.13.3.jar;D:\Maven\Repository\com\fasterxml\jackson\module\jackson-module-parameter-names\2.13.3\jackson-module-parameter-names-2.13.3.jar;D:\Maven\Repository\org\springframework\boot\spring-boot-starter-tomcat\2.7.0\spring-boot-starter-tomcat-2.7.0.jar;D:\Maven\Repository\org\apache\tomcat\embed\tomcat-embed-co
Launcher Type: SUN_STANDARD

[Global flags]
     intx CICompilerCount                          = 4                                         {product} {ergonomic}
     uint ConcGCThreads                            = 3                                         {product} {ergonomic}
     uint G1ConcRefinementThreads                  = 10                                        {product} {ergonomic}
   size_t G1HeapRegionSize                         = 1048576                                   {product} {ergonomic}
    uintx GCDrainStackTargetSize                   = 64                                        {product} {ergonomic}
   size_t InitialHeapSize                          = 266338304                                 {product} {ergonomic}
   size_t MarkStackSize                            = 4194304                                   {product} {ergonomic}
   size_t MaxHeapSize                              = 4255121408                                {product} {ergonomic}
   size_t MaxNewSize                               = 2552233984                                {product} {ergonomic}
   size_t MinHeapDeltaBytes                        = 1048576                                   {product} {ergonomic}
    uintx NonNMethodCodeHeapSize                   = 5836300                                {pd product} {ergonomic}
    uintx NonProfiledCodeHeapSize                  = 122910970                              {pd product} {ergonomic}
    uintx ProfiledCodeHeapSize                     = 122910970                              {pd product} {ergonomic}
    uintx ReservedCodeCacheSize                    = 251658240                              {pd product} {ergonomic}
     bool SegmentedCodeCache                       = true                                      {product} {ergonomic}
     bool UseCompressedClassPointers               = true                                 {lp64_product} {ergonomic}
     bool UseCompressedOops                        = true                                 {lp64_product} {ergonomic}
     bool UseG1GC                                  = true                                      {product} {ergonomic}
     bool UseLargePagesIndividualAllocation        = false                                  {pd product} {ergonomic}

Logging:
Log output configuration:
 #0: stdout all=warning uptime,level,tags
 #1: stderr all=off uptime,level,tags

Environment Variables:
JAVA_HOME=D:\java\jdk11
CLASSPATH=.;D:\java\jdk11\lib\dt.jar;D:\java\jdk11\lib\tools.jar;D:\webtool\apache-tomcat-9.0.54\lib\servlet-api.jar;
PATH=D:/java/jdk11/bin/client;D:/java/jdk11/bin;D:\nvidia\Nvidia GPU Computing Toolkit\CUDA\v11.1\bin;D:\nvidia\Nvidia GPU Computing Toolkit\CUDA\v11.1\libnvvp;C:\Program Files\PlasticSCM5\server;C:\Program Files\PlasticSCM5\client;D:\java\jdk11\bin;D:\java\jdk11\bin;D:\java\jdk11\jre\bin;C:\Program Files (x86)\Common Files\Oracle\Java\javapath;C:\Windows\system32;C:\Windows;C:\Windows\System32\Wbem;C:\Windows\System32\WindowsPowerShell\v1.0\;C:\Windows\System32\OpenSSH\;C:\Program Files (x86)\NVIDIA Corporation\PhysX\Common;C:\Program Files\NVIDIA Corporation\NVIDIA NvDLISR;C:\WINDOWS\system32;C:\WINDOWS;C:\WINDOWS\System32\Wbem;C:\WINDOWS\System32\WindowsPowerShell\v1.0\;C:\WINDOWS\System32\OpenSSH\;C:\Program Files\Microsoft SQL Server\130\Tools\Binn\;D:\webtool\apache-cxf-3.4.5\bin;D:\webtool\apache-tomcat-9.0.54\bin;C:\Program Files\nodejs\;D:\git\Git\cmd;D:\Maven\apache-maven-3.8.1\bin;C:\Program Files\Bandizip\;C:\Program Files\NVIDIA Corporation\Nsight Compute 2022.1.0\;D:\ffmpeg\ffmpeg-5.1.2-full_build-shared\bin;D:\python3\Scripts\;D:\python3\;C:\Program Files\MySQL\MySQL Shell 8.0\bin\;C:\Users\MSIK\AppData\Local\Microsoft\WindowsApps;D:\vscode\Microsoft VS Code\bin;E:\sc_code\bin;C:\Users\MSIK\AppData\Roaming\npm;D:\eclipse\eclipse;
USERNAME=MSIK
OS=Windows_NT
PROCESSOR_IDENTIFIER=Intel64 Family 6 Model 158 Stepping 10, GenuineIntel



---------------  S Y S T E M  ---------------

OS: Windows 10 , 64 bit Build 19041 (10.0.19041.2788)
OS uptime: 0 days 14:18 hours

CPU:total 12 (initial active 12) (6 cores per cpu, 2 threads per core) family 6 model 158 stepping 10 microcode 0xb4, cmov, cx8, fxsr, mmx, sse, sse2, sse3, ssse3, sse4.1, sse4.2, popcnt, avx, avx2, aes, clmul, erms, 3dnowpref, lzcnt, ht, tsc, tscinvbit, bmi1, bmi2, adx, fma

Memory: 4k page, system-wide physical 16225M (4327M free)
TotalPageFile size 34644M (AvailPageFile size 0M)
current process WorkingSet (physical memory assigned to process): 334M, peak: 455M
current process commit charge ("private bytes"): 476M, peak: 608M

vm_info: OpenJDK 64-Bit Server VM (11.0.10+9) for windows-amd64 JRE (11.0.10+9), built on Jan 20 2021 06:07:07 by "" with MS VC++ 15.9 (VS2017)

END.
